Sender: LSF System <jszostek@lambda23>
Subject: Job 16144358: <step1c_compute_all_shapley_values> in cluster <PMACS-SCC> Done

Job <step1c_compute_all_shapley_values> was submitted from host <sarlacc> by user <greggj> in cluster <PMACS-SCC> at Sat Jun 18 23:02:39 2022
Job was executed on host(s) <lambda23>, in queue <epistasis_normal>, as user <greggj> in cluster <PMACS-SCC> at Sat Jun 18 23:02:59 2022
</home/greggj> was used as the home directory.
</home/greggj/neural_network_Shapley_vals/hibachi/paper/step1_compute_nn_FI_scores> was used as the working directory.
Started at Sat Jun 18 23:02:59 2022
Terminated at Sat Jun 18 23:03:20 2022
Results reported at Sat Jun 18 23:03:20 2022

Your job looked like:

------------------------------------------------------------
# LSBATCH: User input
#!/bin/bash
#BSUB -J step1c_compute_all_shapley_values
#BSUB -o step1c_compute_all_shapley_values.out
#BSUB -e step1c_compute_all_shapley_values.err

PATH_PREFIX="SHAP_computers/SHAP_computer"
PATH_SUFFIX=".sh"
NUM_FILES=$(ls SHAP_computers | wc -l)
for ((i=1; i<=$NUM_FILES; i++))
do
   bsub < $PATH_PREFIX$i$PATH_SUFFIX
done
------------------------------------------------------------

Successfully completed.

Resource usage summary:

    CPU time :                                   10.35 sec.
    Max Memory :                                 3 MB
    Average Memory :                             2.25 MB
    Total Requested Memory :                     4096.00 MB
    Delta Memory :                               4093.00 MB
    Max Swap :                                   -
    Max Processes :                              5
    Max Threads :                                7
    Run time :                                   21 sec.
    Turnaround time :                            41 sec.

The output (if any) follows:

Job <16144859> is submitted to queue <epistasis_normal>.
Job <16144860> is submitted to queue <epistasis_normal>.
Job <16144861> is submitted to queue <epistasis_normal>.
Job <16144862> is submitted to queue <epistasis_normal>.
Job <16144863> is submitted to queue <epistasis_normal>.
Job <16144864> is submitted to queue <epistasis_normal>.
Job <16144865> is submitted to queue <epistasis_normal>.
Job <16144866> is submitted to queue <epistasis_normal>.
Job <16144867> is submitted to queue <epistasis_normal>.
Job <16144868> is submitted to queue <epistasis_normal>.
Job <16144869> is submitted to queue <epistasis_normal>.
Job <16144870> is submitted to queue <epistasis_normal>.
Job <16144871> is submitted to queue <epistasis_normal>.
Job <16144872> is submitted to queue <epistasis_normal>.
Job <16144873> is submitted to queue <epistasis_normal>.
Job <16144874> is submitted to queue <epistasis_normal>.
Job <16144875> is submitted to queue <epistasis_normal>.
Job <16144876> is submitted to queue <epistasis_normal>.
Job <16144877> is submitted to queue <epistasis_normal>.
Job <16144878> is submitted to queue <epistasis_normal>.
Job <16144879> is submitted to queue <epistasis_normal>.
Job <16144880> is submitted to queue <epistasis_normal>.
Job <16144881> is submitted to queue <epistasis_normal>.
Job <16144882> is submitted to queue <epistasis_normal>.
Job <16144883> is submitted to queue <epistasis_normal>.
Job <16144884> is submitted to queue <epistasis_normal>.
Job <16144885> is submitted to queue <epistasis_normal>.
Job <16144886> is submitted to queue <epistasis_normal>.
Job <16144887> is submitted to queue <epistasis_normal>.
Job <16144888> is submitted to queue <epistasis_normal>.
Job <16144889> is submitted to queue <epistasis_normal>.
Job <16144890> is submitted to queue <epistasis_normal>.
Job <16144891> is submitted to queue <epistasis_normal>.
Job <16144892> is submitted to queue <epistasis_normal>.
Job <16144893> is submitted to queue <epistasis_normal>.
Job <16144894> is submitted to queue <epistasis_normal>.
Job <16144895> is submitted to queue <epistasis_normal>.
Job <16144896> is submitted to queue <epistasis_normal>.
Job <16144897> is submitted to queue <epistasis_normal>.
Job <16144898> is submitted to queue <epistasis_normal>.
Job <16144899> is submitted to queue <epistasis_normal>.
Job <16144900> is submitted to queue <epistasis_normal>.
Job <16144901> is submitted to queue <epistasis_normal>.
Job <16144902> is submitted to queue <epistasis_normal>.
Job <16144903> is submitted to queue <epistasis_normal>.
Job <16144904> is submitted to queue <epistasis_normal>.
Job <16144905> is submitted to queue <epistasis_normal>.
Job <16144906> is submitted to queue <epistasis_normal>.
Job <16144907> is submitted to queue <epistasis_normal>.
Job <16144908> is submitted to queue <epistasis_normal>.
Job <16144909> is submitted to queue <epistasis_normal>.
Job <16144910> is submitted to queue <epistasis_normal>.
Job <16144911> is submitted to queue <epistasis_normal>.
Job <16144912> is submitted to queue <epistasis_normal>.
Job <16144913> is submitted to queue <epistasis_normal>.
Job <16144914> is submitted to queue <epistasis_normal>.
Job <16144915> is submitted to queue <epistasis_normal>.
Job <16144916> is submitted to queue <epistasis_normal>.
Job <16144917> is submitted to queue <epistasis_normal>.
Job <16144918> is submitted to queue <epistasis_normal>.
Job <16144919> is submitted to queue <epistasis_normal>.
Job <16144920> is submitted to queue <epistasis_normal>.
Job <16144921> is submitted to queue <epistasis_normal>.
Job <16144922> is submitted to queue <epistasis_normal>.
Job <16144923> is submitted to queue <epistasis_normal>.
Job <16144924> is submitted to queue <epistasis_normal>.
Job <16144925> is submitted to queue <epistasis_normal>.
Job <16144926> is submitted to queue <epistasis_normal>.
Job <16144927> is submitted to queue <epistasis_normal>.
Job <16144928> is submitted to queue <epistasis_normal>.
Job <16144929> is submitted to queue <epistasis_normal>.
Job <16144930> is submitted to queue <epistasis_normal>.
Job <16144931> is submitted to queue <epistasis_normal>.
Job <16144932> is submitted to queue <epistasis_normal>.
Job <16144933> is submitted to queue <epistasis_normal>.
Job <16144934> is submitted to queue <epistasis_normal>.
Job <16144935> is submitted to queue <epistasis_normal>.
Job <16144936> is submitted to queue <epistasis_normal>.
Job <16144937> is submitted to queue <epistasis_normal>.
Job <16144938> is submitted to queue <epistasis_normal>.
Job <16144939> is submitted to queue <epistasis_normal>.
Job <16144940> is submitted to queue <epistasis_normal>.
Job <16144941> is submitted to queue <epistasis_normal>.
Job <16144942> is submitted to queue <epistasis_normal>.
Job <16144943> is submitted to queue <epistasis_normal>.
Job <16144944> is submitted to queue <epistasis_normal>.
Job <16144945> is submitted to queue <epistasis_normal>.
Job <16144946> is submitted to queue <epistasis_normal>.
Job <16144947> is submitted to queue <epistasis_normal>.
Job <16144948> is submitted to queue <epistasis_normal>.
Job <16144949> is submitted to queue <epistasis_normal>.
Job <16144950> is submitted to queue <epistasis_normal>.
Job <16144951> is submitted to queue <epistasis_normal>.
Job <16144952> is submitted to queue <epistasis_normal>.
Job <16144953> is submitted to queue <epistasis_normal>.
Job <16144954> is submitted to queue <epistasis_normal>.
Job <16144955> is submitted to queue <epistasis_normal>.
Job <16144956> is submitted to queue <epistasis_normal>.
Job <16144957> is submitted to queue <epistasis_normal>.
Job <16144958> is submitted to queue <epistasis_normal>.
Job <16144959> is submitted to queue <epistasis_normal>.
Job <16144960> is submitted to queue <epistasis_normal>.
Job <16144961> is submitted to queue <epistasis_normal>.
Job <16144962> is submitted to queue <epistasis_normal>.
Job <16144963> is submitted to queue <epistasis_normal>.
Job <16144964> is submitted to queue <epistasis_normal>.
Job <16144965> is submitted to queue <epistasis_normal>.
Job <16144966> is submitted to queue <epistasis_normal>.
Job <16144967> is submitted to queue <epistasis_normal>.
Job <16144968> is submitted to queue <epistasis_normal>.
Job <16144969> is submitted to queue <epistasis_normal>.
Job <16144970> is submitted to queue <epistasis_normal>.
Job <16144971> is submitted to queue <epistasis_normal>.
Job <16144972> is submitted to queue <epistasis_normal>.
Job <16144973> is submitted to queue <epistasis_normal>.
Job <16144974> is submitted to queue <epistasis_normal>.
Job <16144975> is submitted to queue <epistasis_normal>.
Job <16144976> is submitted to queue <epistasis_normal>.
Job <16144977> is submitted to queue <epistasis_normal>.
Job <16144978> is submitted to queue <epistasis_normal>.
Job <16144979> is submitted to queue <epistasis_normal>.
Job <16144980> is submitted to queue <epistasis_normal>.
Job <16144981> is submitted to queue <epistasis_normal>.
Job <16144982> is submitted to queue <epistasis_normal>.
Job <16144983> is submitted to queue <epistasis_normal>.
Job <16144984> is submitted to queue <epistasis_normal>.
Job <16144985> is submitted to queue <epistasis_normal>.
Job <16144986> is submitted to queue <epistasis_normal>.
Job <16144987> is submitted to queue <epistasis_normal>.
Job <16144988> is submitted to queue <epistasis_normal>.
Job <16144989> is submitted to queue <epistasis_normal>.
Job <16144990> is submitted to queue <epistasis_normal>.
Job <16144991> is submitted to queue <epistasis_normal>.
Job <16144992> is submitted to queue <epistasis_normal>.
Job <16144993> is submitted to queue <epistasis_normal>.
Job <16144994> is submitted to queue <epistasis_normal>.
Job <16144995> is submitted to queue <epistasis_normal>.
Job <16144996> is submitted to queue <epistasis_normal>.
Job <16144997> is submitted to queue <epistasis_normal>.
Job <16144998> is submitted to queue <epistasis_normal>.
Job <16144999> is submitted to queue <epistasis_normal>.
Job <16145000> is submitted to queue <epistasis_normal>.
Job <16145001> is submitted to queue <epistasis_normal>.
Job <16145002> is submitted to queue <epistasis_normal>.
Job <16145003> is submitted to queue <epistasis_normal>.
Job <16145004> is submitted to queue <epistasis_normal>.
Job <16145005> is submitted to queue <epistasis_normal>.
Job <16145006> is submitted to queue <epistasis_normal>.
Job <16145007> is submitted to queue <epistasis_normal>.
Job <16145008> is submitted to queue <epistasis_normal>.
Job <16145009> is submitted to queue <epistasis_normal>.
Job <16145010> is submitted to queue <epistasis_normal>.
Job <16145011> is submitted to queue <epistasis_normal>.
Job <16145012> is submitted to queue <epistasis_normal>.
Job <16145013> is submitted to queue <epistasis_normal>.
Job <16145014> is submitted to queue <epistasis_normal>.
Job <16145015> is submitted to queue <epistasis_normal>.
Job <16145016> is submitted to queue <epistasis_normal>.
Job <16145017> is submitted to queue <epistasis_normal>.
Job <16145018> is submitted to queue <epistasis_normal>.
Job <16145019> is submitted to queue <epistasis_normal>.
Job <16145020> is submitted to queue <epistasis_normal>.
Job <16145021> is submitted to queue <epistasis_normal>.
Job <16145022> is submitted to queue <epistasis_normal>.
Job <16145023> is submitted to queue <epistasis_normal>.
Job <16145024> is submitted to queue <epistasis_normal>.
Job <16145025> is submitted to queue <epistasis_normal>.
Job <16145026> is submitted to queue <epistasis_normal>.
Job <16145027> is submitted to queue <epistasis_normal>.
Job <16145028> is submitted to queue <epistasis_normal>.
Job <16145029> is submitted to queue <epistasis_normal>.
Job <16145030> is submitted to queue <epistasis_normal>.
Job <16145031> is submitted to queue <epistasis_normal>.
Job <16145032> is submitted to queue <epistasis_normal>.
Job <16145033> is submitted to queue <epistasis_normal>.
Job <16145034> is submitted to queue <epistasis_normal>.
Job <16145035> is submitted to queue <epistasis_normal>.
Job <16145036> is submitted to queue <epistasis_normal>.
Job <16145037> is submitted to queue <epistasis_normal>.
Job <16145038> is submitted to queue <epistasis_normal>.
Job <16145039> is submitted to queue <epistasis_normal>.
Job <16145040> is submitted to queue <epistasis_normal>.
Job <16145041> is submitted to queue <epistasis_normal>.
Job <16145042> is submitted to queue <epistasis_normal>.
Job <16145043> is submitted to queue <epistasis_normal>.
Job <16145044> is submitted to queue <epistasis_normal>.
Job <16145045> is submitted to queue <epistasis_normal>.
Job <16145046> is submitted to queue <epistasis_normal>.
Job <16145047> is submitted to queue <epistasis_normal>.
Job <16145048> is submitted to queue <epistasis_normal>.
Job <16145049> is submitted to queue <epistasis_normal>.
Job <16145050> is submitted to queue <epistasis_normal>.
Job <16145051> is submitted to queue <epistasis_normal>.
Job <16145052> is submitted to queue <epistasis_normal>.
Job <16145053> is submitted to queue <epistasis_normal>.
Job <16145054> is submitted to queue <epistasis_normal>.
Job <16145055> is submitted to queue <epistasis_normal>.
Job <16145056> is submitted to queue <epistasis_normal>.
Job <16145057> is submitted to queue <epistasis_normal>.
Job <16145058> is submitted to queue <epistasis_normal>.
Job <16145059> is submitted to queue <epistasis_normal>.
Job <16145060> is submitted to queue <epistasis_normal>.
Job <16145061> is submitted to queue <epistasis_normal>.
Job <16145062> is submitted to queue <epistasis_normal>.
Job <16145063> is submitted to queue <epistasis_normal>.
Job <16145064> is submitted to queue <epistasis_normal>.
Job <16145065> is submitted to queue <epistasis_normal>.
Job <16145066> is submitted to queue <epistasis_normal>.
Job <16145067> is submitted to queue <epistasis_normal>.
Job <16145068> is submitted to queue <epistasis_normal>.
Job <16145069> is submitted to queue <epistasis_normal>.
Job <16145070> is submitted to queue <epistasis_normal>.
Job <16145071> is submitted to queue <epistasis_normal>.
Job <16145072> is submitted to queue <epistasis_normal>.
Job <16145073> is submitted to queue <epistasis_normal>.
Job <16145074> is submitted to queue <epistasis_normal>.
Job <16145075> is submitted to queue <epistasis_normal>.
Job <16145076> is submitted to queue <epistasis_normal>.
Job <16145077> is submitted to queue <epistasis_normal>.
Job <16145078> is submitted to queue <epistasis_normal>.
Job <16145079> is submitted to queue <epistasis_normal>.
Job <16145080> is submitted to queue <epistasis_normal>.
Job <16145081> is submitted to queue <epistasis_normal>.
Job <16145082> is submitted to queue <epistasis_normal>.
Job <16145083> is submitted to queue <epistasis_normal>.
Job <16145084> is submitted to queue <epistasis_normal>.
Job <16145085> is submitted to queue <epistasis_normal>.
Job <16145086> is submitted to queue <epistasis_normal>.
Job <16145087> is submitted to queue <epistasis_normal>.
Job <16145088> is submitted to queue <epistasis_normal>.
Job <16145089> is submitted to queue <epistasis_normal>.
Job <16145090> is submitted to queue <epistasis_normal>.
Job <16145091> is submitted to queue <epistasis_normal>.
Job <16145092> is submitted to queue <epistasis_normal>.
Job <16145093> is submitted to queue <epistasis_normal>.
Job <16145094> is submitted to queue <epistasis_normal>.
Job <16145095> is submitted to queue <epistasis_normal>.
Job <16145096> is submitted to queue <epistasis_normal>.
Job <16145097> is submitted to queue <epistasis_normal>.
Job <16145098> is submitted to queue <epistasis_normal>.
Job <16145099> is submitted to queue <epistasis_normal>.
Job <16145100> is submitted to queue <epistasis_normal>.
Job <16145101> is submitted to queue <epistasis_normal>.
Job <16145102> is submitted to queue <epistasis_normal>.
Job <16145103> is submitted to queue <epistasis_normal>.
Job <16145104> is submitted to queue <epistasis_normal>.
Job <16145105> is submitted to queue <epistasis_normal>.
Job <16145106> is submitted to queue <epistasis_normal>.
Job <16145107> is submitted to queue <epistasis_normal>.
Job <16145108> is submitted to queue <epistasis_normal>.
Job <16145109> is submitted to queue <epistasis_normal>.
Job <16145110> is submitted to queue <epistasis_normal>.
Job <16145111> is submitted to queue <epistasis_normal>.
Job <16145112> is submitted to queue <epistasis_normal>.
Job <16145113> is submitted to queue <epistasis_normal>.
Job <16145114> is submitted to queue <epistasis_normal>.
Job <16145115> is submitted to queue <epistasis_normal>.
Job <16145116> is submitted to queue <epistasis_normal>.
Job <16145117> is submitted to queue <epistasis_normal>.
Job <16145118> is submitted to queue <epistasis_normal>.
Job <16145119> is submitted to queue <epistasis_normal>.
Job <16145120> is submitted to queue <epistasis_normal>.
Job <16145121> is submitted to queue <epistasis_normal>.
Job <16145122> is submitted to queue <epistasis_normal>.
Job <16145123> is submitted to queue <epistasis_normal>.
Job <16145124> is submitted to queue <epistasis_normal>.
Job <16145125> is submitted to queue <epistasis_normal>.
Job <16145126> is submitted to queue <epistasis_normal>.
Job <16145127> is submitted to queue <epistasis_normal>.
Job <16145128> is submitted to queue <epistasis_normal>.
Job <16145129> is submitted to queue <epistasis_normal>.
Job <16145130> is submitted to queue <epistasis_normal>.
Job <16145131> is submitted to queue <epistasis_normal>.
Job <16145132> is submitted to queue <epistasis_normal>.
Job <16145133> is submitted to queue <epistasis_normal>.
Job <16145134> is submitted to queue <epistasis_normal>.
Job <16145135> is submitted to queue <epistasis_normal>.
Job <16145136> is submitted to queue <epistasis_normal>.
Job <16145137> is submitted to queue <epistasis_normal>.
Job <16145138> is submitted to queue <epistasis_normal>.
Job <16145139> is submitted to queue <epistasis_normal>.
Job <16145140> is submitted to queue <epistasis_normal>.
Job <16145141> is submitted to queue <epistasis_normal>.
Job <16145142> is submitted to queue <epistasis_normal>.
Job <16145143> is submitted to queue <epistasis_normal>.
Job <16145144> is submitted to queue <epistasis_normal>.
Job <16145145> is submitted to queue <epistasis_normal>.
Job <16145146> is submitted to queue <epistasis_normal>.
Job <16145147> is submitted to queue <epistasis_normal>.
Job <16145148> is submitted to queue <epistasis_normal>.
Job <16145149> is submitted to queue <epistasis_normal>.
Job <16145150> is submitted to queue <epistasis_normal>.
Job <16145151> is submitted to queue <epistasis_normal>.
Job <16145152> is submitted to queue <epistasis_normal>.
Job <16145153> is submitted to queue <epistasis_normal>.
Job <16145154> is submitted to queue <epistasis_normal>.
Job <16145155> is submitted to queue <epistasis_normal>.
Job <16145156> is submitted to queue <epistasis_normal>.
Job <16145157> is submitted to queue <epistasis_normal>.
Job <16145158> is submitted to queue <epistasis_normal>.
Job <16145159> is submitted to queue <epistasis_normal>.
Job <16145160> is submitted to queue <epistasis_normal>.
Job <16145161> is submitted to queue <epistasis_normal>.
Job <16145162> is submitted to queue <epistasis_normal>.
Job <16145163> is submitted to queue <epistasis_normal>.
Job <16145164> is submitted to queue <epistasis_normal>.
Job <16145165> is submitted to queue <epistasis_normal>.
Job <16145166> is submitted to queue <epistasis_normal>.
Job <16145167> is submitted to queue <epistasis_normal>.
Job <16145168> is submitted to queue <epistasis_normal>.
Job <16145169> is submitted to queue <epistasis_normal>.
Job <16145170> is submitted to queue <epistasis_normal>.
Job <16145171> is submitted to queue <epistasis_normal>.
Job <16145172> is submitted to queue <epistasis_normal>.
Job <16145173> is submitted to queue <epistasis_normal>.
Job <16145174> is submitted to queue <epistasis_normal>.
Job <16145175> is submitted to queue <epistasis_normal>.
Job <16145176> is submitted to queue <epistasis_normal>.
Job <16145177> is submitted to queue <epistasis_normal>.
Job <16145178> is submitted to queue <epistasis_normal>.
Job <16145179> is submitted to queue <epistasis_normal>.
Job <16145180> is submitted to queue <epistasis_normal>.
Job <16145181> is submitted to queue <epistasis_normal>.
Job <16145182> is submitted to queue <epistasis_normal>.
Job <16145183> is submitted to queue <epistasis_normal>.
Job <16145184> is submitted to queue <epistasis_normal>.
Job <16145185> is submitted to queue <epistasis_normal>.
Job <16145186> is submitted to queue <epistasis_normal>.
Job <16145187> is submitted to queue <epistasis_normal>.
Job <16145188> is submitted to queue <epistasis_normal>.
Job <16145189> is submitted to queue <epistasis_normal>.
Job <16145190> is submitted to queue <epistasis_normal>.
Job <16145191> is submitted to queue <epistasis_normal>.
Job <16145192> is submitted to queue <epistasis_normal>.
Job <16145193> is submitted to queue <epistasis_normal>.
Job <16145194> is submitted to queue <epistasis_normal>.
Job <16145195> is submitted to queue <epistasis_normal>.
Job <16145196> is submitted to queue <epistasis_normal>.
Job <16145197> is submitted to queue <epistasis_normal>.
Job <16145198> is submitted to queue <epistasis_normal>.
Job <16145199> is submitted to queue <epistasis_normal>.
Job <16145200> is submitted to queue <epistasis_normal>.
Job <16145201> is submitted to queue <epistasis_normal>.
Job <16145202> is submitted to queue <epistasis_normal>.
Job <16145203> is submitted to queue <epistasis_normal>.
Job <16145204> is submitted to queue <epistasis_normal>.
Job <16145205> is submitted to queue <epistasis_normal>.
Job <16145206> is submitted to queue <epistasis_normal>.
Job <16145207> is submitted to queue <epistasis_normal>.
Job <16145208> is submitted to queue <epistasis_normal>.
Job <16145209> is submitted to queue <epistasis_normal>.
Job <16145210> is submitted to queue <epistasis_normal>.
Job <16145211> is submitted to queue <epistasis_normal>.
Job <16145212> is submitted to queue <epistasis_normal>.
Job <16145213> is submitted to queue <epistasis_normal>.
Job <16145214> is submitted to queue <epistasis_normal>.
Job <16145215> is submitted to queue <epistasis_normal>.
Job <16145216> is submitted to queue <epistasis_normal>.
Job <16145217> is submitted to queue <epistasis_normal>.
Job <16145218> is submitted to queue <epistasis_normal>.
Job <16145219> is submitted to queue <epistasis_normal>.
Job <16145220> is submitted to queue <epistasis_normal>.
Job <16145221> is submitted to queue <epistasis_normal>.
Job <16145222> is submitted to queue <epistasis_normal>.
Job <16145223> is submitted to queue <epistasis_normal>.
Job <16145224> is submitted to queue <epistasis_normal>.
Job <16145225> is submitted to queue <epistasis_normal>.
Job <16145226> is submitted to queue <epistasis_normal>.
Job <16145227> is submitted to queue <epistasis_normal>.
Job <16145228> is submitted to queue <epistasis_normal>.
Job <16145229> is submitted to queue <epistasis_normal>.
Job <16145230> is submitted to queue <epistasis_normal>.
Job <16145231> is submitted to queue <epistasis_normal>.
Job <16145232> is submitted to queue <epistasis_normal>.
Job <16145233> is submitted to queue <epistasis_normal>.
Job <16145234> is submitted to queue <epistasis_normal>.
Job <16145235> is submitted to queue <epistasis_normal>.
Job <16145236> is submitted to queue <epistasis_normal>.
Job <16145237> is submitted to queue <epistasis_normal>.
Job <16145238> is submitted to queue <epistasis_normal>.
Job <16145239> is submitted to queue <epistasis_normal>.
Job <16145240> is submitted to queue <epistasis_normal>.
Job <16145241> is submitted to queue <epistasis_normal>.
Job <16145242> is submitted to queue <epistasis_normal>.
Job <16145243> is submitted to queue <epistasis_normal>.
Job <16145244> is submitted to queue <epistasis_normal>.
Job <16145245> is submitted to queue <epistasis_normal>.
Job <16145246> is submitted to queue <epistasis_normal>.
Job <16145247> is submitted to queue <epistasis_normal>.
Job <16145248> is submitted to queue <epistasis_normal>.
Job <16145249> is submitted to queue <epistasis_normal>.
Job <16145250> is submitted to queue <epistasis_normal>.
Job <16145251> is submitted to queue <epistasis_normal>.
Job <16145252> is submitted to queue <epistasis_normal>.
Job <16145253> is submitted to queue <epistasis_normal>.
Job <16145254> is submitted to queue <epistasis_normal>.
Job <16145255> is submitted to queue <epistasis_normal>.
Job <16145256> is submitted to queue <epistasis_normal>.
Job <16145257> is submitted to queue <epistasis_normal>.
Job <16145258> is submitted to queue <epistasis_normal>.
Job <16145259> is submitted to queue <epistasis_normal>.
Job <16145260> is submitted to queue <epistasis_normal>.
Job <16145261> is submitted to queue <epistasis_normal>.
Job <16145262> is submitted to queue <epistasis_normal>.
Job <16145263> is submitted to queue <epistasis_normal>.
Job <16145264> is submitted to queue <epistasis_normal>.
Job <16145265> is submitted to queue <epistasis_normal>.
Job <16145266> is submitted to queue <epistasis_normal>.
Job <16145267> is submitted to queue <epistasis_normal>.
Job <16145268> is submitted to queue <epistasis_normal>.
Job <16145269> is submitted to queue <epistasis_normal>.
Job <16145270> is submitted to queue <epistasis_normal>.
Job <16145271> is submitted to queue <epistasis_normal>.
Job <16145272> is submitted to queue <epistasis_normal>.
Job <16145273> is submitted to queue <epistasis_normal>.
Job <16145274> is submitted to queue <epistasis_normal>.
Job <16145275> is submitted to queue <epistasis_normal>.
Job <16145276> is submitted to queue <epistasis_normal>.
Job <16145277> is submitted to queue <epistasis_normal>.
Job <16145278> is submitted to queue <epistasis_normal>.
Job <16145279> is submitted to queue <epistasis_normal>.
Job <16145280> is submitted to queue <epistasis_normal>.
Job <16145281> is submitted to queue <epistasis_normal>.
Job <16145282> is submitted to queue <epistasis_normal>.
Job <16145283> is submitted to queue <epistasis_normal>.
Job <16145284> is submitted to queue <epistasis_normal>.
Job <16145285> is submitted to queue <epistasis_normal>.
Job <16145286> is submitted to queue <epistasis_normal>.
Job <16145287> is submitted to queue <epistasis_normal>.
Job <16145288> is submitted to queue <epistasis_normal>.
Job <16145289> is submitted to queue <epistasis_normal>.
Job <16145290> is submitted to queue <epistasis_normal>.
Job <16145291> is submitted to queue <epistasis_normal>.
Job <16145292> is submitted to queue <epistasis_normal>.
Job <16145293> is submitted to queue <epistasis_normal>.
Job <16145294> is submitted to queue <epistasis_normal>.
Job <16145295> is submitted to queue <epistasis_normal>.
Job <16145296> is submitted to queue <epistasis_normal>.
Job <16145297> is submitted to queue <epistasis_normal>.
Job <16145298> is submitted to queue <epistasis_normal>.
Job <16145299> is submitted to queue <epistasis_normal>.
Job <16145300> is submitted to queue <epistasis_normal>.
Job <16145301> is submitted to queue <epistasis_normal>.
Job <16145302> is submitted to queue <epistasis_normal>.
Job <16145303> is submitted to queue <epistasis_normal>.
Job <16145304> is submitted to queue <epistasis_normal>.
Job <16145305> is submitted to queue <epistasis_normal>.
Job <16145306> is submitted to queue <epistasis_normal>.
Job <16145307> is submitted to queue <epistasis_normal>.
Job <16145308> is submitted to queue <epistasis_normal>.
Job <16145309> is submitted to queue <epistasis_normal>.
Job <16145310> is submitted to queue <epistasis_normal>.
Job <16145311> is submitted to queue <epistasis_normal>.
Job <16145312> is submitted to queue <epistasis_normal>.
Job <16145313> is submitted to queue <epistasis_normal>.
Job <16145314> is submitted to queue <epistasis_normal>.
Job <16145315> is submitted to queue <epistasis_normal>.
Job <16145316> is submitted to queue <epistasis_normal>.
Job <16145317> is submitted to queue <epistasis_normal>.
Job <16145318> is submitted to queue <epistasis_normal>.
Job <16145319> is submitted to queue <epistasis_normal>.
Job <16145320> is submitted to queue <epistasis_normal>.
Job <16145321> is submitted to queue <epistasis_normal>.
Job <16145322> is submitted to queue <epistasis_normal>.
Job <16145323> is submitted to queue <epistasis_normal>.
Job <16145324> is submitted to queue <epistasis_normal>.
Job <16145325> is submitted to queue <epistasis_normal>.
Job <16145326> is submitted to queue <epistasis_normal>.
Job <16145327> is submitted to queue <epistasis_normal>.
Job <16145328> is submitted to queue <epistasis_normal>.
Job <16145329> is submitted to queue <epistasis_normal>.
Job <16145330> is submitted to queue <epistasis_normal>.
Job <16145331> is submitted to queue <epistasis_normal>.
Job <16145332> is submitted to queue <epistasis_normal>.
Job <16145333> is submitted to queue <epistasis_normal>.
Job <16145334> is submitted to queue <epistasis_normal>.
Job <16145335> is submitted to queue <epistasis_normal>.
Job <16145336> is submitted to queue <epistasis_normal>.
Job <16145337> is submitted to queue <epistasis_normal>.
Job <16145338> is submitted to queue <epistasis_normal>.
Job <16145339> is submitted to queue <epistasis_normal>.
Job <16145340> is submitted to queue <epistasis_normal>.
Job <16145341> is submitted to queue <epistasis_normal>.
Job <16145342> is submitted to queue <epistasis_normal>.
Job <16145343> is submitted to queue <epistasis_normal>.
Job <16145344> is submitted to queue <epistasis_normal>.
Job <16145345> is submitted to queue <epistasis_normal>.
Job <16145346> is submitted to queue <epistasis_normal>.
Job <16145347> is submitted to queue <epistasis_normal>.
Job <16145348> is submitted to queue <epistasis_normal>.
Job <16145349> is submitted to queue <epistasis_normal>.
Job <16145350> is submitted to queue <epistasis_normal>.
Job <16145351> is submitted to queue <epistasis_normal>.
Job <16145352> is submitted to queue <epistasis_normal>.
Job <16145353> is submitted to queue <epistasis_normal>.
Job <16145354> is submitted to queue <epistasis_normal>.
Job <16145355> is submitted to queue <epistasis_normal>.
Job <16145356> is submitted to queue <epistasis_normal>.
Job <16145357> is submitted to queue <epistasis_normal>.
Job <16145358> is submitted to queue <epistasis_normal>.
Job <16145359> is submitted to queue <epistasis_normal>.
Job <16145360> is submitted to queue <epistasis_normal>.
Job <16145361> is submitted to queue <epistasis_normal>.
Job <16145362> is submitted to queue <epistasis_normal>.
Job <16145363> is submitted to queue <epistasis_normal>.
Job <16145364> is submitted to queue <epistasis_normal>.
Job <16145365> is submitted to queue <epistasis_normal>.
Job <16145366> is submitted to queue <epistasis_normal>.
Job <16145367> is submitted to queue <epistasis_normal>.
Job <16145368> is submitted to queue <epistasis_normal>.
Job <16145369> is submitted to queue <epistasis_normal>.
Job <16145370> is submitted to queue <epistasis_normal>.
Job <16145371> is submitted to queue <epistasis_normal>.
Job <16145372> is submitted to queue <epistasis_normal>.
Job <16145373> is submitted to queue <epistasis_normal>.
Job <16145374> is submitted to queue <epistasis_normal>.
Job <16145375> is submitted to queue <epistasis_normal>.
Job <16145376> is submitted to queue <epistasis_normal>.
Job <16145377> is submitted to queue <epistasis_normal>.
Job <16145378> is submitted to queue <epistasis_normal>.
Job <16145379> is submitted to queue <epistasis_normal>.
Job <16145380> is submitted to queue <epistasis_normal>.
Job <16145381> is submitted to queue <epistasis_normal>.
Job <16145382> is submitted to queue <epistasis_normal>.
Job <16145383> is submitted to queue <epistasis_normal>.
Job <16145384> is submitted to queue <epistasis_normal>.
Job <16145385> is submitted to queue <epistasis_normal>.
Job <16145386> is submitted to queue <epistasis_normal>.
Job <16145387> is submitted to queue <epistasis_normal>.
Job <16145388> is submitted to queue <epistasis_normal>.
Job <16145389> is submitted to queue <epistasis_normal>.
Job <16145390> is submitted to queue <epistasis_normal>.
Job <16145391> is submitted to queue <epistasis_normal>.
Job <16145392> is submitted to queue <epistasis_normal>.
Job <16145393> is submitted to queue <epistasis_normal>.
Job <16145394> is submitted to queue <epistasis_normal>.
Job <16145395> is submitted to queue <epistasis_normal>.
Job <16145396> is submitted to queue <epistasis_normal>.
Job <16145397> is submitted to queue <epistasis_normal>.
Job <16145398> is submitted to queue <epistasis_normal>.
Job <16145399> is submitted to queue <epistasis_normal>.
Job <16145400> is submitted to queue <epistasis_normal>.
Job <16145401> is submitted to queue <epistasis_normal>.
Job <16145402> is submitted to queue <epistasis_normal>.
Job <16145403> is submitted to queue <epistasis_normal>.
Job <16145404> is submitted to queue <epistasis_normal>.
Job <16145405> is submitted to queue <epistasis_normal>.
Job <16145406> is submitted to queue <epistasis_normal>.
Job <16145407> is submitted to queue <epistasis_normal>.
Job <16145408> is submitted to queue <epistasis_normal>.
Job <16145409> is submitted to queue <epistasis_normal>.
Job <16145410> is submitted to queue <epistasis_normal>.
Job <16145411> is submitted to queue <epistasis_normal>.
Job <16145412> is submitted to queue <epistasis_normal>.
Job <16145413> is submitted to queue <epistasis_normal>.
Job <16145414> is submitted to queue <epistasis_normal>.
Job <16145415> is submitted to queue <epistasis_normal>.
Job <16145416> is submitted to queue <epistasis_normal>.
Job <16145417> is submitted to queue <epistasis_normal>.
Job <16145418> is submitted to queue <epistasis_normal>.
Job <16145419> is submitted to queue <epistasis_normal>.
Job <16145420> is submitted to queue <epistasis_normal>.
Job <16145421> is submitted to queue <epistasis_normal>.
Job <16145422> is submitted to queue <epistasis_normal>.
Job <16145423> is submitted to queue <epistasis_normal>.
Job <16145424> is submitted to queue <epistasis_normal>.
Job <16145425> is submitted to queue <epistasis_normal>.
Job <16145426> is submitted to queue <epistasis_normal>.
Job <16145427> is submitted to queue <epistasis_normal>.
Job <16145428> is submitted to queue <epistasis_normal>.
Job <16145429> is submitted to queue <epistasis_normal>.
Job <16145430> is submitted to queue <epistasis_normal>.
Job <16145431> is submitted to queue <epistasis_normal>.
Job <16145432> is submitted to queue <epistasis_normal>.
Job <16145433> is submitted to queue <epistasis_normal>.
Job <16145434> is submitted to queue <epistasis_normal>.
Job <16145435> is submitted to queue <epistasis_normal>.
Job <16145436> is submitted to queue <epistasis_normal>.
Job <16145437> is submitted to queue <epistasis_normal>.
Job <16145438> is submitted to queue <epistasis_normal>.
Job <16145439> is submitted to queue <epistasis_normal>.
Job <16145440> is submitted to queue <epistasis_normal>.
Job <16145441> is submitted to queue <epistasis_normal>.
Job <16145442> is submitted to queue <epistasis_normal>.
Job <16145443> is submitted to queue <epistasis_normal>.
Job <16145444> is submitted to queue <epistasis_normal>.
Job <16145445> is submitted to queue <epistasis_normal>.
Job <16145446> is submitted to queue <epistasis_normal>.
Job <16145447> is submitted to queue <epistasis_normal>.
Job <16145448> is submitted to queue <epistasis_normal>.
Job <16145449> is submitted to queue <epistasis_normal>.
Job <16145450> is submitted to queue <epistasis_normal>.
Job <16145451> is submitted to queue <epistasis_normal>.
Job <16145452> is submitted to queue <epistasis_normal>.
Job <16145453> is submitted to queue <epistasis_normal>.
Job <16145454> is submitted to queue <epistasis_normal>.
Job <16145455> is submitted to queue <epistasis_normal>.
Job <16145456> is submitted to queue <epistasis_normal>.
Job <16145457> is submitted to queue <epistasis_normal>.
Job <16145458> is submitted to queue <epistasis_normal>.
Job <16145459> is submitted to queue <epistasis_normal>.
Job <16145460> is submitted to queue <epistasis_normal>.
Job <16145461> is submitted to queue <epistasis_normal>.
Job <16145462> is submitted to queue <epistasis_normal>.
Job <16145463> is submitted to queue <epistasis_normal>.
Job <16145464> is submitted to queue <epistasis_normal>.
Job <16145465> is submitted to queue <epistasis_normal>.
Job <16145466> is submitted to queue <epistasis_normal>.
Job <16145467> is submitted to queue <epistasis_normal>.
Job <16145468> is submitted to queue <epistasis_normal>.
Job <16145469> is submitted to queue <epistasis_normal>.
Job <16145470> is submitted to queue <epistasis_normal>.
Job <16145471> is submitted to queue <epistasis_normal>.
Job <16145472> is submitted to queue <epistasis_normal>.
Job <16145473> is submitted to queue <epistasis_normal>.
Job <16145474> is submitted to queue <epistasis_normal>.
Job <16145475> is submitted to queue <epistasis_normal>.
Job <16145476> is submitted to queue <epistasis_normal>.
Job <16145477> is submitted to queue <epistasis_normal>.
Job <16145478> is submitted to queue <epistasis_normal>.
Job <16145479> is submitted to queue <epistasis_normal>.
Job <16145480> is submitted to queue <epistasis_normal>.
Job <16145481> is submitted to queue <epistasis_normal>.
Job <16145482> is submitted to queue <epistasis_normal>.
Job <16145483> is submitted to queue <epistasis_normal>.
Job <16145484> is submitted to queue <epistasis_normal>.
Job <16145485> is submitted to queue <epistasis_normal>.
Job <16145486> is submitted to queue <epistasis_normal>.
Job <16145487> is submitted to queue <epistasis_normal>.
Job <16145488> is submitted to queue <epistasis_normal>.
Job <16145489> is submitted to queue <epistasis_normal>.
Job <16145490> is submitted to queue <epistasis_normal>.
Job <16145491> is submitted to queue <epistasis_normal>.
Job <16145492> is submitted to queue <epistasis_normal>.
Job <16145493> is submitted to queue <epistasis_normal>.
Job <16145494> is submitted to queue <epistasis_normal>.
Job <16145495> is submitted to queue <epistasis_normal>.
Job <16145496> is submitted to queue <epistasis_normal>.
Job <16145497> is submitted to queue <epistasis_normal>.
Job <16145498> is submitted to queue <epistasis_normal>.
Job <16145499> is submitted to queue <epistasis_normal>.
Job <16145500> is submitted to queue <epistasis_normal>.
Job <16145501> is submitted to queue <epistasis_normal>.
Job <16145502> is submitted to queue <epistasis_normal>.
Job <16145503> is submitted to queue <epistasis_normal>.
Job <16145504> is submitted to queue <epistasis_normal>.
Job <16145505> is submitted to queue <epistasis_normal>.
Job <16145506> is submitted to queue <epistasis_normal>.
Job <16145507> is submitted to queue <epistasis_normal>.
Job <16145508> is submitted to queue <epistasis_normal>.
Job <16145509> is submitted to queue <epistasis_normal>.
Job <16145510> is submitted to queue <epistasis_normal>.
Job <16145511> is submitted to queue <epistasis_normal>.
Job <16145512> is submitted to queue <epistasis_normal>.
Job <16145513> is submitted to queue <epistasis_normal>.
Job <16145514> is submitted to queue <epistasis_normal>.
Job <16145515> is submitted to queue <epistasis_normal>.
Job <16145516> is submitted to queue <epistasis_normal>.
Job <16145517> is submitted to queue <epistasis_normal>.
Job <16145518> is submitted to queue <epistasis_normal>.
Job <16145519> is submitted to queue <epistasis_normal>.
Job <16145520> is submitted to queue <epistasis_normal>.
Job <16145521> is submitted to queue <epistasis_normal>.
Job <16145522> is submitted to queue <epistasis_normal>.
Job <16145523> is submitted to queue <epistasis_normal>.
Job <16145524> is submitted to queue <epistasis_normal>.
Job <16145525> is submitted to queue <epistasis_normal>.
Job <16145526> is submitted to queue <epistasis_normal>.
Job <16145527> is submitted to queue <epistasis_normal>.
Job <16145528> is submitted to queue <epistasis_normal>.
Job <16145529> is submitted to queue <epistasis_normal>.
Job <16145530> is submitted to queue <epistasis_normal>.
Job <16145531> is submitted to queue <epistasis_normal>.
Job <16145532> is submitted to queue <epistasis_normal>.
Job <16145533> is submitted to queue <epistasis_normal>.
Job <16145534> is submitted to queue <epistasis_normal>.
Job <16145535> is submitted to queue <epistasis_normal>.
Job <16145536> is submitted to queue <epistasis_normal>.
Job <16145537> is submitted to queue <epistasis_normal>.
Job <16145538> is submitted to queue <epistasis_normal>.
Job <16145539> is submitted to queue <epistasis_normal>.
Job <16145540> is submitted to queue <epistasis_normal>.
Job <16145541> is submitted to queue <epistasis_normal>.
Job <16145542> is submitted to queue <epistasis_normal>.
Job <16145543> is submitted to queue <epistasis_normal>.
Job <16145544> is submitted to queue <epistasis_normal>.
Job <16145545> is submitted to queue <epistasis_normal>.
Job <16145546> is submitted to queue <epistasis_normal>.
Job <16145547> is submitted to queue <epistasis_normal>.
Job <16145548> is submitted to queue <epistasis_normal>.
Job <16145549> is submitted to queue <epistasis_normal>.
Job <16145550> is submitted to queue <epistasis_normal>.
Job <16145551> is submitted to queue <epistasis_normal>.
Job <16145552> is submitted to queue <epistasis_normal>.
Job <16145553> is submitted to queue <epistasis_normal>.
Job <16145554> is submitted to queue <epistasis_normal>.
Job <16145555> is submitted to queue <epistasis_normal>.
Job <16145556> is submitted to queue <epistasis_normal>.
Job <16145557> is submitted to queue <epistasis_normal>.
Job <16145558> is submitted to queue <epistasis_normal>.
Job <16145559> is submitted to queue <epistasis_normal>.
Job <16145560> is submitted to queue <epistasis_normal>.
Job <16145561> is submitted to queue <epistasis_normal>.
Job <16145562> is submitted to queue <epistasis_normal>.
Job <16145563> is submitted to queue <epistasis_normal>.
Job <16145564> is submitted to queue <epistasis_normal>.
Job <16145565> is submitted to queue <epistasis_normal>.
Job <16145566> is submitted to queue <epistasis_normal>.
Job <16145567> is submitted to queue <epistasis_normal>.
Job <16145568> is submitted to queue <epistasis_normal>.
Job <16145569> is submitted to queue <epistasis_normal>.
Job <16145570> is submitted to queue <epistasis_normal>.
Job <16145571> is submitted to queue <epistasis_normal>.
Job <16145572> is submitted to queue <epistasis_normal>.
Job <16145573> is submitted to queue <epistasis_normal>.
Job <16145574> is submitted to queue <epistasis_normal>.
Job <16145575> is submitted to queue <epistasis_normal>.
Job <16145576> is submitted to queue <epistasis_normal>.
Job <16145577> is submitted to queue <epistasis_normal>.
Job <16145578> is submitted to queue <epistasis_normal>.
Job <16145579> is submitted to queue <epistasis_normal>.
Job <16145580> is submitted to queue <epistasis_normal>.
Job <16145581> is submitted to queue <epistasis_normal>.
Job <16145582> is submitted to queue <epistasis_normal>.
Job <16145583> is submitted to queue <epistasis_normal>.
Job <16145584> is submitted to queue <epistasis_normal>.
Job <16145585> is submitted to queue <epistasis_normal>.
Job <16145586> is submitted to queue <epistasis_normal>.
Job <16145587> is submitted to queue <epistasis_normal>.
Job <16145588> is submitted to queue <epistasis_normal>.
Job <16145589> is submitted to queue <epistasis_normal>.
Job <16145590> is submitted to queue <epistasis_normal>.
Job <16145591> is submitted to queue <epistasis_normal>.
Job <16145592> is submitted to queue <epistasis_normal>.
Job <16145593> is submitted to queue <epistasis_normal>.
Job <16145594> is submitted to queue <epistasis_normal>.
Job <16145595> is submitted to queue <epistasis_normal>.
Job <16145596> is submitted to queue <epistasis_normal>.
Job <16145597> is submitted to queue <epistasis_normal>.
Job <16145598> is submitted to queue <epistasis_normal>.
Job <16145599> is submitted to queue <epistasis_normal>.
Job <16145600> is submitted to queue <epistasis_normal>.
Job <16145601> is submitted to queue <epistasis_normal>.
Job <16145602> is submitted to queue <epistasis_normal>.
Job <16145603> is submitted to queue <epistasis_normal>.
Job <16145604> is submitted to queue <epistasis_normal>.
Job <16145605> is submitted to queue <epistasis_normal>.
Job <16145606> is submitted to queue <epistasis_normal>.
Job <16145607> is submitted to queue <epistasis_normal>.
Job <16145608> is submitted to queue <epistasis_normal>.
Job <16145609> is submitted to queue <epistasis_normal>.
Job <16145610> is submitted to queue <epistasis_normal>.
Job <16145611> is submitted to queue <epistasis_normal>.
Job <16145612> is submitted to queue <epistasis_normal>.
Job <16145613> is submitted to queue <epistasis_normal>.
Job <16145614> is submitted to queue <epistasis_normal>.
Job <16145615> is submitted to queue <epistasis_normal>.
Job <16145616> is submitted to queue <epistasis_normal>.
Job <16145617> is submitted to queue <epistasis_normal>.
Job <16145618> is submitted to queue <epistasis_normal>.
Job <16145619> is submitted to queue <epistasis_normal>.
Job <16145620> is submitted to queue <epistasis_normal>.
Job <16145621> is submitted to queue <epistasis_normal>.
Job <16145622> is submitted to queue <epistasis_normal>.
Job <16145623> is submitted to queue <epistasis_normal>.
Job <16145624> is submitted to queue <epistasis_normal>.
Job <16145625> is submitted to queue <epistasis_normal>.
Job <16145626> is submitted to queue <epistasis_normal>.
Job <16145627> is submitted to queue <epistasis_normal>.
Job <16145628> is submitted to queue <epistasis_normal>.
Job <16145629> is submitted to queue <epistasis_normal>.
Job <16145630> is submitted to queue <epistasis_normal>.
Job <16145631> is submitted to queue <epistasis_normal>.
Job <16145632> is submitted to queue <epistasis_normal>.
Job <16145633> is submitted to queue <epistasis_normal>.
Job <16145634> is submitted to queue <epistasis_normal>.
Job <16145635> is submitted to queue <epistasis_normal>.
Job <16145636> is submitted to queue <epistasis_normal>.
Job <16145637> is submitted to queue <epistasis_normal>.
Job <16145638> is submitted to queue <epistasis_normal>.
Job <16145639> is submitted to queue <epistasis_normal>.
Job <16145640> is submitted to queue <epistasis_normal>.
Job <16145641> is submitted to queue <epistasis_normal>.
Job <16145642> is submitted to queue <epistasis_normal>.
Job <16145643> is submitted to queue <epistasis_normal>.
Job <16145644> is submitted to queue <epistasis_normal>.
Job <16145645> is submitted to queue <epistasis_normal>.
Job <16145646> is submitted to queue <epistasis_normal>.
Job <16145647> is submitted to queue <epistasis_normal>.
Job <16145648> is submitted to queue <epistasis_normal>.
Job <16145649> is submitted to queue <epistasis_normal>.
Job <16145650> is submitted to queue <epistasis_normal>.
Job <16145651> is submitted to queue <epistasis_normal>.
Job <16145652> is submitted to queue <epistasis_normal>.
Job <16145653> is submitted to queue <epistasis_normal>.
Job <16145654> is submitted to queue <epistasis_normal>.
Job <16145655> is submitted to queue <epistasis_normal>.
Job <16145656> is submitted to queue <epistasis_normal>.
Job <16145657> is submitted to queue <epistasis_normal>.
Job <16145658> is submitted to queue <epistasis_normal>.


PS:

Read file <step1c_compute_all_shapley_values.err> for stderr output of this job.

Sender: LSF System <jszostek@theta10>
Subject: Job 16145664: <step1c_compute_all_shapley_values> in cluster <PMACS-SCC> Done

Job <step1c_compute_all_shapley_values> was submitted from host <sarlacc> by user <greggj> in cluster <PMACS-SCC> at Sat Jun 18 23:32:27 2022
Job was executed on host(s) <theta10>, in queue <epistasis_normal>, as user <greggj> in cluster <PMACS-SCC> at Sat Jun 18 23:32:27 2022
</home/greggj> was used as the home directory.
</home/greggj/neural_network_Shapley_vals/hibachi/paper/step1_compute_nn_FI_scores> was used as the working directory.
Started at Sat Jun 18 23:32:27 2022
Terminated at Sat Jun 18 23:32:58 2022
Results reported at Sat Jun 18 23:32:58 2022

Your job looked like:

------------------------------------------------------------
# LSBATCH: User input
#!/bin/bash
#BSUB -J step1c_compute_all_shapley_values
#BSUB -o step1c_compute_all_shapley_values.out
#BSUB -e step1c_compute_all_shapley_values.err

PATH_PREFIX="SHAP_computers/SHAP_computer"
PATH_SUFFIX=".sh"
NUM_FILES=$(ls SHAP_computers | wc -l)
for ((i=1; i<=$NUM_FILES; i++))
do
   bsub < $PATH_PREFIX$i$PATH_SUFFIX
done
------------------------------------------------------------

Successfully completed.

Resource usage summary:

    CPU time :                                   13.87 sec.
    Max Memory :                                 3 MB
    Average Memory :                             3.00 MB
    Total Requested Memory :                     4096.00 MB
    Delta Memory :                               4093.00 MB
    Max Swap :                                   -
    Max Processes :                              5
    Max Threads :                                6
    Run time :                                   31 sec.
    Turnaround time :                            31 sec.

The output (if any) follows:

Job <16145665> is submitted to queue <epistasis_normal>.
Job <16145666> is submitted to queue <epistasis_normal>.
Job <16145667> is submitted to queue <epistasis_normal>.
Job <16145668> is submitted to queue <epistasis_normal>.
Job <16145669> is submitted to queue <epistasis_normal>.
Job <16145670> is submitted to queue <epistasis_normal>.
Job <16145671> is submitted to queue <epistasis_normal>.
Job <16145672> is submitted to queue <epistasis_normal>.
Job <16145673> is submitted to queue <epistasis_normal>.
Job <16145674> is submitted to queue <epistasis_normal>.
Job <16145675> is submitted to queue <epistasis_normal>.
Job <16145676> is submitted to queue <epistasis_normal>.
Job <16145677> is submitted to queue <epistasis_normal>.
Job <16145678> is submitted to queue <epistasis_normal>.
Job <16145679> is submitted to queue <epistasis_normal>.
Job <16145680> is submitted to queue <epistasis_normal>.
Job <16145681> is submitted to queue <epistasis_normal>.
Job <16145682> is submitted to queue <epistasis_normal>.
Job <16145683> is submitted to queue <epistasis_normal>.
Job <16145684> is submitted to queue <epistasis_normal>.
Job <16145685> is submitted to queue <epistasis_normal>.
Job <16145686> is submitted to queue <epistasis_normal>.
Job <16145687> is submitted to queue <epistasis_normal>.
Job <16145688> is submitted to queue <epistasis_normal>.
Job <16145689> is submitted to queue <epistasis_normal>.
Job <16145690> is submitted to queue <epistasis_normal>.
Job <16145691> is submitted to queue <epistasis_normal>.
Job <16145692> is submitted to queue <epistasis_normal>.
Job <16145693> is submitted to queue <epistasis_normal>.
Job <16145694> is submitted to queue <epistasis_normal>.
Job <16145695> is submitted to queue <epistasis_normal>.
Job <16145696> is submitted to queue <epistasis_normal>.
Job <16145697> is submitted to queue <epistasis_normal>.
Job <16145698> is submitted to queue <epistasis_normal>.
Job <16145699> is submitted to queue <epistasis_normal>.
Job <16145700> is submitted to queue <epistasis_normal>.
Job <16145701> is submitted to queue <epistasis_normal>.
Job <16145702> is submitted to queue <epistasis_normal>.
Job <16145703> is submitted to queue <epistasis_normal>.
Job <16145704> is submitted to queue <epistasis_normal>.
Job <16145705> is submitted to queue <epistasis_normal>.
Job <16145706> is submitted to queue <epistasis_normal>.
Job <16145707> is submitted to queue <epistasis_normal>.
Job <16145708> is submitted to queue <epistasis_normal>.
Job <16145709> is submitted to queue <epistasis_normal>.
Job <16145710> is submitted to queue <epistasis_normal>.
Job <16145711> is submitted to queue <epistasis_normal>.
Job <16145712> is submitted to queue <epistasis_normal>.
Job <16145713> is submitted to queue <epistasis_normal>.
Job <16145714> is submitted to queue <epistasis_normal>.
Job <16145715> is submitted to queue <epistasis_normal>.
Job <16145716> is submitted to queue <epistasis_normal>.
Job <16145717> is submitted to queue <epistasis_normal>.
Job <16145718> is submitted to queue <epistasis_normal>.
Job <16145719> is submitted to queue <epistasis_normal>.
Job <16145720> is submitted to queue <epistasis_normal>.
Job <16145721> is submitted to queue <epistasis_normal>.
Job <16145722> is submitted to queue <epistasis_normal>.
Job <16145723> is submitted to queue <epistasis_normal>.
Job <16145724> is submitted to queue <epistasis_normal>.
Job <16145725> is submitted to queue <epistasis_normal>.
Job <16145726> is submitted to queue <epistasis_normal>.
Job <16145727> is submitted to queue <epistasis_normal>.
Job <16145728> is submitted to queue <epistasis_normal>.
Job <16145729> is submitted to queue <epistasis_normal>.
Job <16145730> is submitted to queue <epistasis_normal>.
Job <16145731> is submitted to queue <epistasis_normal>.
Job <16145732> is submitted to queue <epistasis_normal>.
Job <16145733> is submitted to queue <epistasis_normal>.
Job <16145734> is submitted to queue <epistasis_normal>.
Job <16145735> is submitted to queue <epistasis_normal>.
Job <16145736> is submitted to queue <epistasis_normal>.
Job <16145737> is submitted to queue <epistasis_normal>.
Job <16145738> is submitted to queue <epistasis_normal>.
Job <16145739> is submitted to queue <epistasis_normal>.
Job <16145740> is submitted to queue <epistasis_normal>.
Job <16145741> is submitted to queue <epistasis_normal>.
Job <16145742> is submitted to queue <epistasis_normal>.
Job <16145743> is submitted to queue <epistasis_normal>.
Job <16145744> is submitted to queue <epistasis_normal>.
Job <16145745> is submitted to queue <epistasis_normal>.
Job <16145746> is submitted to queue <epistasis_normal>.
Job <16145747> is submitted to queue <epistasis_normal>.
Job <16145748> is submitted to queue <epistasis_normal>.
Job <16145749> is submitted to queue <epistasis_normal>.
Job <16145750> is submitted to queue <epistasis_normal>.
Job <16145751> is submitted to queue <epistasis_normal>.
Job <16145752> is submitted to queue <epistasis_normal>.
Job <16145753> is submitted to queue <epistasis_normal>.
Job <16145754> is submitted to queue <epistasis_normal>.
Job <16145755> is submitted to queue <epistasis_normal>.
Job <16145756> is submitted to queue <epistasis_normal>.
Job <16145757> is submitted to queue <epistasis_normal>.
Job <16145758> is submitted to queue <epistasis_normal>.
Job <16145759> is submitted to queue <epistasis_normal>.
Job <16145760> is submitted to queue <epistasis_normal>.
Job <16145761> is submitted to queue <epistasis_normal>.
Job <16145762> is submitted to queue <epistasis_normal>.
Job <16145763> is submitted to queue <epistasis_normal>.
Job <16145764> is submitted to queue <epistasis_normal>.
Job <16145765> is submitted to queue <epistasis_normal>.
Job <16145766> is submitted to queue <epistasis_normal>.
Job <16145767> is submitted to queue <epistasis_normal>.
Job <16145768> is submitted to queue <epistasis_normal>.
Job <16145769> is submitted to queue <epistasis_normal>.
Job <16145770> is submitted to queue <epistasis_normal>.
Job <16145771> is submitted to queue <epistasis_normal>.
Job <16145772> is submitted to queue <epistasis_normal>.
Job <16145773> is submitted to queue <epistasis_normal>.
Job <16145774> is submitted to queue <epistasis_normal>.
Job <16145775> is submitted to queue <epistasis_normal>.
Job <16145776> is submitted to queue <epistasis_normal>.
Job <16145777> is submitted to queue <epistasis_normal>.
Job <16145778> is submitted to queue <epistasis_normal>.
Job <16145779> is submitted to queue <epistasis_normal>.
Job <16145780> is submitted to queue <epistasis_normal>.
Job <16145781> is submitted to queue <epistasis_normal>.
Job <16145782> is submitted to queue <epistasis_normal>.
Job <16145783> is submitted to queue <epistasis_normal>.
Job <16145784> is submitted to queue <epistasis_normal>.
Job <16145785> is submitted to queue <epistasis_normal>.
Job <16145786> is submitted to queue <epistasis_normal>.
Job <16145787> is submitted to queue <epistasis_normal>.
Job <16145788> is submitted to queue <epistasis_normal>.
Job <16145789> is submitted to queue <epistasis_normal>.
Job <16145790> is submitted to queue <epistasis_normal>.
Job <16145791> is submitted to queue <epistasis_normal>.
Job <16145792> is submitted to queue <epistasis_normal>.
Job <16145793> is submitted to queue <epistasis_normal>.
Job <16145794> is submitted to queue <epistasis_normal>.
Job <16145795> is submitted to queue <epistasis_normal>.
Job <16145796> is submitted to queue <epistasis_normal>.
Job <16145797> is submitted to queue <epistasis_normal>.
Job <16145798> is submitted to queue <epistasis_normal>.
Job <16145799> is submitted to queue <epistasis_normal>.
Job <16145800> is submitted to queue <epistasis_normal>.
Job <16145801> is submitted to queue <epistasis_normal>.
Job <16145802> is submitted to queue <epistasis_normal>.
Job <16145803> is submitted to queue <epistasis_normal>.
Job <16145804> is submitted to queue <epistasis_normal>.
Job <16145805> is submitted to queue <epistasis_normal>.
Job <16145806> is submitted to queue <epistasis_normal>.
Job <16145807> is submitted to queue <epistasis_normal>.
Job <16145808> is submitted to queue <epistasis_normal>.
Job <16145809> is submitted to queue <epistasis_normal>.
Job <16145810> is submitted to queue <epistasis_normal>.
Job <16145811> is submitted to queue <epistasis_normal>.
Job <16145812> is submitted to queue <epistasis_normal>.
Job <16145813> is submitted to queue <epistasis_normal>.
Job <16145814> is submitted to queue <epistasis_normal>.
Job <16145815> is submitted to queue <epistasis_normal>.
Job <16145816> is submitted to queue <epistasis_normal>.
Job <16145817> is submitted to queue <epistasis_normal>.
Job <16145818> is submitted to queue <epistasis_normal>.
Job <16145819> is submitted to queue <epistasis_normal>.
Job <16145820> is submitted to queue <epistasis_normal>.
Job <16145821> is submitted to queue <epistasis_normal>.
Job <16145822> is submitted to queue <epistasis_normal>.
Job <16145823> is submitted to queue <epistasis_normal>.
Job <16145824> is submitted to queue <epistasis_normal>.
Job <16145825> is submitted to queue <epistasis_normal>.
Job <16145826> is submitted to queue <epistasis_normal>.
Job <16145827> is submitted to queue <epistasis_normal>.
Job <16145828> is submitted to queue <epistasis_normal>.
Job <16145829> is submitted to queue <epistasis_normal>.
Job <16145830> is submitted to queue <epistasis_normal>.
Job <16145831> is submitted to queue <epistasis_normal>.
Job <16145832> is submitted to queue <epistasis_normal>.
Job <16145833> is submitted to queue <epistasis_normal>.
Job <16145834> is submitted to queue <epistasis_normal>.
Job <16145835> is submitted to queue <epistasis_normal>.
Job <16145836> is submitted to queue <epistasis_normal>.
Job <16145837> is submitted to queue <epistasis_normal>.
Job <16145838> is submitted to queue <epistasis_normal>.
Job <16145839> is submitted to queue <epistasis_normal>.
Job <16145840> is submitted to queue <epistasis_normal>.
Job <16145841> is submitted to queue <epistasis_normal>.
Job <16145842> is submitted to queue <epistasis_normal>.
Job <16145843> is submitted to queue <epistasis_normal>.
Job <16145844> is submitted to queue <epistasis_normal>.
Job <16145845> is submitted to queue <epistasis_normal>.
Job <16145846> is submitted to queue <epistasis_normal>.
Job <16145847> is submitted to queue <epistasis_normal>.
Job <16145848> is submitted to queue <epistasis_normal>.
Job <16145849> is submitted to queue <epistasis_normal>.
Job <16145850> is submitted to queue <epistasis_normal>.
Job <16145851> is submitted to queue <epistasis_normal>.
Job <16145852> is submitted to queue <epistasis_normal>.
Job <16145853> is submitted to queue <epistasis_normal>.
Job <16145854> is submitted to queue <epistasis_normal>.
Job <16145855> is submitted to queue <epistasis_normal>.
Job <16145856> is submitted to queue <epistasis_normal>.
Job <16145857> is submitted to queue <epistasis_normal>.
Job <16145858> is submitted to queue <epistasis_normal>.
Job <16145859> is submitted to queue <epistasis_normal>.
Job <16145860> is submitted to queue <epistasis_normal>.
Job <16145861> is submitted to queue <epistasis_normal>.
Job <16145862> is submitted to queue <epistasis_normal>.
Job <16145863> is submitted to queue <epistasis_normal>.
Job <16145864> is submitted to queue <epistasis_normal>.
Job <16145865> is submitted to queue <epistasis_normal>.
Job <16145866> is submitted to queue <epistasis_normal>.
Job <16145867> is submitted to queue <epistasis_normal>.
Job <16145868> is submitted to queue <epistasis_normal>.
Job <16145869> is submitted to queue <epistasis_normal>.
Job <16145870> is submitted to queue <epistasis_normal>.
Job <16145871> is submitted to queue <epistasis_normal>.
Job <16145872> is submitted to queue <epistasis_normal>.
Job <16145873> is submitted to queue <epistasis_normal>.
Job <16145874> is submitted to queue <epistasis_normal>.
Job <16145875> is submitted to queue <epistasis_normal>.
Job <16145876> is submitted to queue <epistasis_normal>.
Job <16145877> is submitted to queue <epistasis_normal>.
Job <16145878> is submitted to queue <epistasis_normal>.
Job <16145879> is submitted to queue <epistasis_normal>.
Job <16145880> is submitted to queue <epistasis_normal>.
Job <16145881> is submitted to queue <epistasis_normal>.
Job <16145882> is submitted to queue <epistasis_normal>.
Job <16145883> is submitted to queue <epistasis_normal>.
Job <16145884> is submitted to queue <epistasis_normal>.
Job <16145885> is submitted to queue <epistasis_normal>.
Job <16145886> is submitted to queue <epistasis_normal>.
Job <16145887> is submitted to queue <epistasis_normal>.
Job <16145888> is submitted to queue <epistasis_normal>.
Job <16145889> is submitted to queue <epistasis_normal>.
Job <16145890> is submitted to queue <epistasis_normal>.
Job <16145891> is submitted to queue <epistasis_normal>.
Job <16145892> is submitted to queue <epistasis_normal>.
Job <16145893> is submitted to queue <epistasis_normal>.
Job <16145894> is submitted to queue <epistasis_normal>.
Job <16145895> is submitted to queue <epistasis_normal>.
Job <16145896> is submitted to queue <epistasis_normal>.
Job <16145897> is submitted to queue <epistasis_normal>.
Job <16145898> is submitted to queue <epistasis_normal>.
Job <16145899> is submitted to queue <epistasis_normal>.
Job <16145900> is submitted to queue <epistasis_normal>.
Job <16145901> is submitted to queue <epistasis_normal>.
Job <16145902> is submitted to queue <epistasis_normal>.
Job <16145903> is submitted to queue <epistasis_normal>.
Job <16145904> is submitted to queue <epistasis_normal>.
Job <16145905> is submitted to queue <epistasis_normal>.
Job <16145906> is submitted to queue <epistasis_normal>.
Job <16145907> is submitted to queue <epistasis_normal>.
Job <16145908> is submitted to queue <epistasis_normal>.
Job <16145909> is submitted to queue <epistasis_normal>.
Job <16145910> is submitted to queue <epistasis_normal>.
Job <16145911> is submitted to queue <epistasis_normal>.
Job <16145912> is submitted to queue <epistasis_normal>.
Job <16145913> is submitted to queue <epistasis_normal>.
Job <16145914> is submitted to queue <epistasis_normal>.
Job <16145915> is submitted to queue <epistasis_normal>.
Job <16145916> is submitted to queue <epistasis_normal>.
Job <16145917> is submitted to queue <epistasis_normal>.
Job <16145918> is submitted to queue <epistasis_normal>.
Job <16145919> is submitted to queue <epistasis_normal>.
Job <16145920> is submitted to queue <epistasis_normal>.
Job <16145921> is submitted to queue <epistasis_normal>.
Job <16145922> is submitted to queue <epistasis_normal>.
Job <16145923> is submitted to queue <epistasis_normal>.
Job <16145924> is submitted to queue <epistasis_normal>.
Job <16145925> is submitted to queue <epistasis_normal>.
Job <16145926> is submitted to queue <epistasis_normal>.
Job <16145927> is submitted to queue <epistasis_normal>.
Job <16145928> is submitted to queue <epistasis_normal>.
Job <16145929> is submitted to queue <epistasis_normal>.
Job <16145930> is submitted to queue <epistasis_normal>.
Job <16145931> is submitted to queue <epistasis_normal>.
Job <16145932> is submitted to queue <epistasis_normal>.
Job <16145933> is submitted to queue <epistasis_normal>.
Job <16145934> is submitted to queue <epistasis_normal>.
Job <16145935> is submitted to queue <epistasis_normal>.
Job <16145936> is submitted to queue <epistasis_normal>.
Job <16145937> is submitted to queue <epistasis_normal>.
Job <16145938> is submitted to queue <epistasis_normal>.
Job <16145939> is submitted to queue <epistasis_normal>.
Job <16145940> is submitted to queue <epistasis_normal>.
Job <16145941> is submitted to queue <epistasis_normal>.
Job <16145942> is submitted to queue <epistasis_normal>.
Job <16145943> is submitted to queue <epistasis_normal>.
Job <16145944> is submitted to queue <epistasis_normal>.
Job <16145945> is submitted to queue <epistasis_normal>.
Job <16145946> is submitted to queue <epistasis_normal>.
Job <16145947> is submitted to queue <epistasis_normal>.
Job <16145948> is submitted to queue <epistasis_normal>.
Job <16145949> is submitted to queue <epistasis_normal>.
Job <16145950> is submitted to queue <epistasis_normal>.
Job <16145951> is submitted to queue <epistasis_normal>.
Job <16145952> is submitted to queue <epistasis_normal>.
Job <16145953> is submitted to queue <epistasis_normal>.
Job <16145954> is submitted to queue <epistasis_normal>.
Job <16145955> is submitted to queue <epistasis_normal>.
Job <16145956> is submitted to queue <epistasis_normal>.
Job <16145957> is submitted to queue <epistasis_normal>.
Job <16145958> is submitted to queue <epistasis_normal>.
Job <16145959> is submitted to queue <epistasis_normal>.
Job <16145960> is submitted to queue <epistasis_normal>.
Job <16145961> is submitted to queue <epistasis_normal>.
Job <16145962> is submitted to queue <epistasis_normal>.
Job <16145963> is submitted to queue <epistasis_normal>.
Job <16145964> is submitted to queue <epistasis_normal>.
Job <16145965> is submitted to queue <epistasis_normal>.
Job <16145966> is submitted to queue <epistasis_normal>.
Job <16145967> is submitted to queue <epistasis_normal>.
Job <16145968> is submitted to queue <epistasis_normal>.
Job <16145969> is submitted to queue <epistasis_normal>.
Job <16145970> is submitted to queue <epistasis_normal>.
Job <16145971> is submitted to queue <epistasis_normal>.
Job <16145972> is submitted to queue <epistasis_normal>.
Job <16145973> is submitted to queue <epistasis_normal>.
Job <16145974> is submitted to queue <epistasis_normal>.
Job <16145975> is submitted to queue <epistasis_normal>.
Job <16145976> is submitted to queue <epistasis_normal>.
Job <16145977> is submitted to queue <epistasis_normal>.
Job <16145978> is submitted to queue <epistasis_normal>.
Job <16145979> is submitted to queue <epistasis_normal>.
Job <16145980> is submitted to queue <epistasis_normal>.
Job <16145981> is submitted to queue <epistasis_normal>.
Job <16145982> is submitted to queue <epistasis_normal>.
Job <16145983> is submitted to queue <epistasis_normal>.
Job <16145984> is submitted to queue <epistasis_normal>.
Job <16145985> is submitted to queue <epistasis_normal>.
Job <16145986> is submitted to queue <epistasis_normal>.
Job <16145987> is submitted to queue <epistasis_normal>.
Job <16145988> is submitted to queue <epistasis_normal>.
Job <16145989> is submitted to queue <epistasis_normal>.
Job <16145990> is submitted to queue <epistasis_normal>.
Job <16145991> is submitted to queue <epistasis_normal>.
Job <16145992> is submitted to queue <epistasis_normal>.
Job <16145993> is submitted to queue <epistasis_normal>.
Job <16145994> is submitted to queue <epistasis_normal>.
Job <16145995> is submitted to queue <epistasis_normal>.
Job <16145996> is submitted to queue <epistasis_normal>.
Job <16145997> is submitted to queue <epistasis_normal>.
Job <16145998> is submitted to queue <epistasis_normal>.
Job <16145999> is submitted to queue <epistasis_normal>.
Job <16146000> is submitted to queue <epistasis_normal>.
Job <16146001> is submitted to queue <epistasis_normal>.
Job <16146002> is submitted to queue <epistasis_normal>.
Job <16146003> is submitted to queue <epistasis_normal>.
Job <16146004> is submitted to queue <epistasis_normal>.
Job <16146005> is submitted to queue <epistasis_normal>.
Job <16146006> is submitted to queue <epistasis_normal>.
Job <16146007> is submitted to queue <epistasis_normal>.
Job <16146008> is submitted to queue <epistasis_normal>.
Job <16146009> is submitted to queue <epistasis_normal>.
Job <16146010> is submitted to queue <epistasis_normal>.
Job <16146011> is submitted to queue <epistasis_normal>.
Job <16146012> is submitted to queue <epistasis_normal>.
Job <16146013> is submitted to queue <epistasis_normal>.
Job <16146014> is submitted to queue <epistasis_normal>.
Job <16146015> is submitted to queue <epistasis_normal>.
Job <16146016> is submitted to queue <epistasis_normal>.
Job <16146017> is submitted to queue <epistasis_normal>.
Job <16146018> is submitted to queue <epistasis_normal>.
Job <16146019> is submitted to queue <epistasis_normal>.
Job <16146020> is submitted to queue <epistasis_normal>.
Job <16146021> is submitted to queue <epistasis_normal>.
Job <16146022> is submitted to queue <epistasis_normal>.
Job <16146023> is submitted to queue <epistasis_normal>.
Job <16146024> is submitted to queue <epistasis_normal>.
Job <16146025> is submitted to queue <epistasis_normal>.
Job <16146026> is submitted to queue <epistasis_normal>.
Job <16146027> is submitted to queue <epistasis_normal>.
Job <16146028> is submitted to queue <epistasis_normal>.
Job <16146029> is submitted to queue <epistasis_normal>.
Job <16146030> is submitted to queue <epistasis_normal>.
Job <16146031> is submitted to queue <epistasis_normal>.
Job <16146032> is submitted to queue <epistasis_normal>.
Job <16146033> is submitted to queue <epistasis_normal>.
Job <16146034> is submitted to queue <epistasis_normal>.
Job <16146035> is submitted to queue <epistasis_normal>.
Job <16146036> is submitted to queue <epistasis_normal>.
Job <16146037> is submitted to queue <epistasis_normal>.
Job <16146038> is submitted to queue <epistasis_normal>.
Job <16146039> is submitted to queue <epistasis_normal>.
Job <16146040> is submitted to queue <epistasis_normal>.
Job <16146041> is submitted to queue <epistasis_normal>.
Job <16146042> is submitted to queue <epistasis_normal>.
Job <16146043> is submitted to queue <epistasis_normal>.
Job <16146044> is submitted to queue <epistasis_normal>.
Job <16146045> is submitted to queue <epistasis_normal>.
Job <16146046> is submitted to queue <epistasis_normal>.
Job <16146047> is submitted to queue <epistasis_normal>.
Job <16146048> is submitted to queue <epistasis_normal>.
Job <16146049> is submitted to queue <epistasis_normal>.
Job <16146050> is submitted to queue <epistasis_normal>.
Job <16146051> is submitted to queue <epistasis_normal>.
Job <16146052> is submitted to queue <epistasis_normal>.
Job <16146053> is submitted to queue <epistasis_normal>.
Job <16146054> is submitted to queue <epistasis_normal>.
Job <16146055> is submitted to queue <epistasis_normal>.
Job <16146056> is submitted to queue <epistasis_normal>.
Job <16146057> is submitted to queue <epistasis_normal>.
Job <16146058> is submitted to queue <epistasis_normal>.
Job <16146059> is submitted to queue <epistasis_normal>.
Job <16146060> is submitted to queue <epistasis_normal>.
Job <16146061> is submitted to queue <epistasis_normal>.
Job <16146062> is submitted to queue <epistasis_normal>.
Job <16146063> is submitted to queue <epistasis_normal>.
Job <16146064> is submitted to queue <epistasis_normal>.
Job <16146065> is submitted to queue <epistasis_normal>.
Job <16146066> is submitted to queue <epistasis_normal>.
Job <16146067> is submitted to queue <epistasis_normal>.
Job <16146068> is submitted to queue <epistasis_normal>.
Job <16146069> is submitted to queue <epistasis_normal>.
Job <16146070> is submitted to queue <epistasis_normal>.
Job <16146071> is submitted to queue <epistasis_normal>.
Job <16146072> is submitted to queue <epistasis_normal>.
Job <16146073> is submitted to queue <epistasis_normal>.
Job <16146074> is submitted to queue <epistasis_normal>.
Job <16146075> is submitted to queue <epistasis_normal>.
Job <16146076> is submitted to queue <epistasis_normal>.
Job <16146077> is submitted to queue <epistasis_normal>.
Job <16146078> is submitted to queue <epistasis_normal>.
Job <16146079> is submitted to queue <epistasis_normal>.
Job <16146080> is submitted to queue <epistasis_normal>.
Job <16146081> is submitted to queue <epistasis_normal>.
Job <16146082> is submitted to queue <epistasis_normal>.
Job <16146083> is submitted to queue <epistasis_normal>.
Job <16146084> is submitted to queue <epistasis_normal>.
Job <16146085> is submitted to queue <epistasis_normal>.
Job <16146086> is submitted to queue <epistasis_normal>.
Job <16146087> is submitted to queue <epistasis_normal>.
Job <16146088> is submitted to queue <epistasis_normal>.
Job <16146089> is submitted to queue <epistasis_normal>.
Job <16146090> is submitted to queue <epistasis_normal>.
Job <16146091> is submitted to queue <epistasis_normal>.
Job <16146092> is submitted to queue <epistasis_normal>.
Job <16146093> is submitted to queue <epistasis_normal>.
Job <16146094> is submitted to queue <epistasis_normal>.
Job <16146095> is submitted to queue <epistasis_normal>.
Job <16146096> is submitted to queue <epistasis_normal>.
Job <16146097> is submitted to queue <epistasis_normal>.
Job <16146098> is submitted to queue <epistasis_normal>.
Job <16146099> is submitted to queue <epistasis_normal>.
Job <16146100> is submitted to queue <epistasis_normal>.
Job <16146101> is submitted to queue <epistasis_normal>.
Job <16146102> is submitted to queue <epistasis_normal>.
Job <16146103> is submitted to queue <epistasis_normal>.
Job <16146104> is submitted to queue <epistasis_normal>.
Job <16146105> is submitted to queue <epistasis_normal>.
Job <16146106> is submitted to queue <epistasis_normal>.
Job <16146107> is submitted to queue <epistasis_normal>.
Job <16146108> is submitted to queue <epistasis_normal>.
Job <16146109> is submitted to queue <epistasis_normal>.
Job <16146110> is submitted to queue <epistasis_normal>.
Job <16146111> is submitted to queue <epistasis_normal>.
Job <16146112> is submitted to queue <epistasis_normal>.
Job <16146113> is submitted to queue <epistasis_normal>.
Job <16146114> is submitted to queue <epistasis_normal>.
Job <16146115> is submitted to queue <epistasis_normal>.
Job <16146116> is submitted to queue <epistasis_normal>.
Job <16146117> is submitted to queue <epistasis_normal>.
Job <16146118> is submitted to queue <epistasis_normal>.
Job <16146119> is submitted to queue <epistasis_normal>.
Job <16146120> is submitted to queue <epistasis_normal>.
Job <16146121> is submitted to queue <epistasis_normal>.
Job <16146122> is submitted to queue <epistasis_normal>.
Job <16146123> is submitted to queue <epistasis_normal>.
Job <16146124> is submitted to queue <epistasis_normal>.
Job <16146125> is submitted to queue <epistasis_normal>.
Job <16146126> is submitted to queue <epistasis_normal>.
Job <16146127> is submitted to queue <epistasis_normal>.
Job <16146128> is submitted to queue <epistasis_normal>.
Job <16146129> is submitted to queue <epistasis_normal>.
Job <16146130> is submitted to queue <epistasis_normal>.
Job <16146131> is submitted to queue <epistasis_normal>.
Job <16146132> is submitted to queue <epistasis_normal>.
Job <16146133> is submitted to queue <epistasis_normal>.
Job <16146134> is submitted to queue <epistasis_normal>.
Job <16146135> is submitted to queue <epistasis_normal>.
Job <16146136> is submitted to queue <epistasis_normal>.
Job <16146137> is submitted to queue <epistasis_normal>.
Job <16146138> is submitted to queue <epistasis_normal>.
Job <16146139> is submitted to queue <epistasis_normal>.
Job <16146140> is submitted to queue <epistasis_normal>.
Job <16146141> is submitted to queue <epistasis_normal>.
Job <16146142> is submitted to queue <epistasis_normal>.
Job <16146143> is submitted to queue <epistasis_normal>.
Job <16146144> is submitted to queue <epistasis_normal>.
Job <16146145> is submitted to queue <epistasis_normal>.
Job <16146146> is submitted to queue <epistasis_normal>.
Job <16146147> is submitted to queue <epistasis_normal>.
Job <16146148> is submitted to queue <epistasis_normal>.
Job <16146149> is submitted to queue <epistasis_normal>.
Job <16146150> is submitted to queue <epistasis_normal>.
Job <16146151> is submitted to queue <epistasis_normal>.
Job <16146152> is submitted to queue <epistasis_normal>.
Job <16146153> is submitted to queue <epistasis_normal>.
Job <16146154> is submitted to queue <epistasis_normal>.
Job <16146155> is submitted to queue <epistasis_normal>.
Job <16146156> is submitted to queue <epistasis_normal>.
Job <16146157> is submitted to queue <epistasis_normal>.
Job <16146158> is submitted to queue <epistasis_normal>.
Job <16146159> is submitted to queue <epistasis_normal>.
Job <16146160> is submitted to queue <epistasis_normal>.
Job <16146161> is submitted to queue <epistasis_normal>.
Job <16146162> is submitted to queue <epistasis_normal>.
Job <16146163> is submitted to queue <epistasis_normal>.
Job <16146164> is submitted to queue <epistasis_normal>.
Job <16146165> is submitted to queue <epistasis_normal>.
Job <16146166> is submitted to queue <epistasis_normal>.
Job <16146167> is submitted to queue <epistasis_normal>.
Job <16146168> is submitted to queue <epistasis_normal>.
Job <16146169> is submitted to queue <epistasis_normal>.
Job <16146170> is submitted to queue <epistasis_normal>.
Job <16146171> is submitted to queue <epistasis_normal>.
Job <16146172> is submitted to queue <epistasis_normal>.
Job <16146173> is submitted to queue <epistasis_normal>.
Job <16146174> is submitted to queue <epistasis_normal>.
Job <16146175> is submitted to queue <epistasis_normal>.
Job <16146176> is submitted to queue <epistasis_normal>.
Job <16146177> is submitted to queue <epistasis_normal>.
Job <16146178> is submitted to queue <epistasis_normal>.
Job <16146179> is submitted to queue <epistasis_normal>.
Job <16146180> is submitted to queue <epistasis_normal>.
Job <16146181> is submitted to queue <epistasis_normal>.
Job <16146182> is submitted to queue <epistasis_normal>.
Job <16146183> is submitted to queue <epistasis_normal>.
Job <16146184> is submitted to queue <epistasis_normal>.
Job <16146185> is submitted to queue <epistasis_normal>.
Job <16146186> is submitted to queue <epistasis_normal>.
Job <16146187> is submitted to queue <epistasis_normal>.
Job <16146188> is submitted to queue <epistasis_normal>.
Job <16146189> is submitted to queue <epistasis_normal>.
Job <16146190> is submitted to queue <epistasis_normal>.
Job <16146191> is submitted to queue <epistasis_normal>.
Job <16146192> is submitted to queue <epistasis_normal>.
Job <16146193> is submitted to queue <epistasis_normal>.
Job <16146194> is submitted to queue <epistasis_normal>.
Job <16146195> is submitted to queue <epistasis_normal>.
Job <16146196> is submitted to queue <epistasis_normal>.
Job <16146197> is submitted to queue <epistasis_normal>.
Job <16146198> is submitted to queue <epistasis_normal>.
Job <16146199> is submitted to queue <epistasis_normal>.
Job <16146200> is submitted to queue <epistasis_normal>.
Job <16146201> is submitted to queue <epistasis_normal>.
Job <16146202> is submitted to queue <epistasis_normal>.
Job <16146203> is submitted to queue <epistasis_normal>.
Job <16146204> is submitted to queue <epistasis_normal>.
Job <16146205> is submitted to queue <epistasis_normal>.
Job <16146206> is submitted to queue <epistasis_normal>.
Job <16146207> is submitted to queue <epistasis_normal>.
Job <16146208> is submitted to queue <epistasis_normal>.
Job <16146209> is submitted to queue <epistasis_normal>.
Job <16146210> is submitted to queue <epistasis_normal>.
Job <16146211> is submitted to queue <epistasis_normal>.
Job <16146212> is submitted to queue <epistasis_normal>.
Job <16146213> is submitted to queue <epistasis_normal>.
Job <16146214> is submitted to queue <epistasis_normal>.
Job <16146215> is submitted to queue <epistasis_normal>.
Job <16146216> is submitted to queue <epistasis_normal>.
Job <16146217> is submitted to queue <epistasis_normal>.
Job <16146218> is submitted to queue <epistasis_normal>.
Job <16146219> is submitted to queue <epistasis_normal>.
Job <16146220> is submitted to queue <epistasis_normal>.
Job <16146221> is submitted to queue <epistasis_normal>.
Job <16146222> is submitted to queue <epistasis_normal>.
Job <16146223> is submitted to queue <epistasis_normal>.
Job <16146224> is submitted to queue <epistasis_normal>.
Job <16146225> is submitted to queue <epistasis_normal>.
Job <16146226> is submitted to queue <epistasis_normal>.
Job <16146227> is submitted to queue <epistasis_normal>.
Job <16146228> is submitted to queue <epistasis_normal>.
Job <16146229> is submitted to queue <epistasis_normal>.
Job <16146230> is submitted to queue <epistasis_normal>.
Job <16146231> is submitted to queue <epistasis_normal>.
Job <16146232> is submitted to queue <epistasis_normal>.
Job <16146233> is submitted to queue <epistasis_normal>.
Job <16146234> is submitted to queue <epistasis_normal>.
Job <16146235> is submitted to queue <epistasis_normal>.
Job <16146236> is submitted to queue <epistasis_normal>.
Job <16146237> is submitted to queue <epistasis_normal>.
Job <16146238> is submitted to queue <epistasis_normal>.
Job <16146239> is submitted to queue <epistasis_normal>.
Job <16146240> is submitted to queue <epistasis_normal>.
Job <16146241> is submitted to queue <epistasis_normal>.
Job <16146242> is submitted to queue <epistasis_normal>.
Job <16146243> is submitted to queue <epistasis_normal>.
Job <16146244> is submitted to queue <epistasis_normal>.
Job <16146245> is submitted to queue <epistasis_normal>.
Job <16146246> is submitted to queue <epistasis_normal>.
Job <16146247> is submitted to queue <epistasis_normal>.
Job <16146248> is submitted to queue <epistasis_normal>.
Job <16146249> is submitted to queue <epistasis_normal>.
Job <16146250> is submitted to queue <epistasis_normal>.
Job <16146251> is submitted to queue <epistasis_normal>.
Job <16146252> is submitted to queue <epistasis_normal>.
Job <16146253> is submitted to queue <epistasis_normal>.
Job <16146254> is submitted to queue <epistasis_normal>.
Job <16146255> is submitted to queue <epistasis_normal>.
Job <16146256> is submitted to queue <epistasis_normal>.
Job <16146257> is submitted to queue <epistasis_normal>.
Job <16146258> is submitted to queue <epistasis_normal>.
Job <16146259> is submitted to queue <epistasis_normal>.
Job <16146260> is submitted to queue <epistasis_normal>.
Job <16146261> is submitted to queue <epistasis_normal>.
Job <16146262> is submitted to queue <epistasis_normal>.
Job <16146263> is submitted to queue <epistasis_normal>.
Job <16146264> is submitted to queue <epistasis_normal>.
Job <16146265> is submitted to queue <epistasis_normal>.
Job <16146266> is submitted to queue <epistasis_normal>.
Job <16146267> is submitted to queue <epistasis_normal>.
Job <16146268> is submitted to queue <epistasis_normal>.
Job <16146269> is submitted to queue <epistasis_normal>.
Job <16146270> is submitted to queue <epistasis_normal>.
Job <16146271> is submitted to queue <epistasis_normal>.
Job <16146272> is submitted to queue <epistasis_normal>.
Job <16146273> is submitted to queue <epistasis_normal>.
Job <16146274> is submitted to queue <epistasis_normal>.
Job <16146275> is submitted to queue <epistasis_normal>.
Job <16146276> is submitted to queue <epistasis_normal>.
Job <16146277> is submitted to queue <epistasis_normal>.
Job <16146278> is submitted to queue <epistasis_normal>.
Job <16146279> is submitted to queue <epistasis_normal>.
Job <16146280> is submitted to queue <epistasis_normal>.
Job <16146281> is submitted to queue <epistasis_normal>.
Job <16146282> is submitted to queue <epistasis_normal>.
Job <16146283> is submitted to queue <epistasis_normal>.
Job <16146284> is submitted to queue <epistasis_normal>.
Job <16146285> is submitted to queue <epistasis_normal>.
Job <16146286> is submitted to queue <epistasis_normal>.
Job <16146287> is submitted to queue <epistasis_normal>.
Job <16146288> is submitted to queue <epistasis_normal>.
Job <16146289> is submitted to queue <epistasis_normal>.
Job <16146290> is submitted to queue <epistasis_normal>.
Job <16146291> is submitted to queue <epistasis_normal>.
Job <16146292> is submitted to queue <epistasis_normal>.
Job <16146293> is submitted to queue <epistasis_normal>.
Job <16146294> is submitted to queue <epistasis_normal>.
Job <16146295> is submitted to queue <epistasis_normal>.
Job <16146296> is submitted to queue <epistasis_normal>.
Job <16146297> is submitted to queue <epistasis_normal>.
Job <16146298> is submitted to queue <epistasis_normal>.
Job <16146299> is submitted to queue <epistasis_normal>.
Job <16146300> is submitted to queue <epistasis_normal>.
Job <16146301> is submitted to queue <epistasis_normal>.
Job <16146302> is submitted to queue <epistasis_normal>.
Job <16146303> is submitted to queue <epistasis_normal>.
Job <16146304> is submitted to queue <epistasis_normal>.
Job <16146305> is submitted to queue <epistasis_normal>.
Job <16146306> is submitted to queue <epistasis_normal>.
Job <16146307> is submitted to queue <epistasis_normal>.
Job <16146308> is submitted to queue <epistasis_normal>.
Job <16146309> is submitted to queue <epistasis_normal>.
Job <16146310> is submitted to queue <epistasis_normal>.
Job <16146311> is submitted to queue <epistasis_normal>.
Job <16146312> is submitted to queue <epistasis_normal>.
Job <16146313> is submitted to queue <epistasis_normal>.
Job <16146314> is submitted to queue <epistasis_normal>.
Job <16146315> is submitted to queue <epistasis_normal>.
Job <16146316> is submitted to queue <epistasis_normal>.
Job <16146317> is submitted to queue <epistasis_normal>.
Job <16146318> is submitted to queue <epistasis_normal>.
Job <16146319> is submitted to queue <epistasis_normal>.
Job <16146320> is submitted to queue <epistasis_normal>.
Job <16146321> is submitted to queue <epistasis_normal>.
Job <16146322> is submitted to queue <epistasis_normal>.
Job <16146323> is submitted to queue <epistasis_normal>.
Job <16146324> is submitted to queue <epistasis_normal>.
Job <16146325> is submitted to queue <epistasis_normal>.
Job <16146326> is submitted to queue <epistasis_normal>.
Job <16146327> is submitted to queue <epistasis_normal>.
Job <16146328> is submitted to queue <epistasis_normal>.
Job <16146329> is submitted to queue <epistasis_normal>.
Job <16146330> is submitted to queue <epistasis_normal>.
Job <16146331> is submitted to queue <epistasis_normal>.
Job <16146332> is submitted to queue <epistasis_normal>.
Job <16146333> is submitted to queue <epistasis_normal>.
Job <16146334> is submitted to queue <epistasis_normal>.
Job <16146335> is submitted to queue <epistasis_normal>.
Job <16146336> is submitted to queue <epistasis_normal>.
Job <16146337> is submitted to queue <epistasis_normal>.
Job <16146338> is submitted to queue <epistasis_normal>.
Job <16146339> is submitted to queue <epistasis_normal>.
Job <16146340> is submitted to queue <epistasis_normal>.
Job <16146341> is submitted to queue <epistasis_normal>.
Job <16146342> is submitted to queue <epistasis_normal>.
Job <16146343> is submitted to queue <epistasis_normal>.
Job <16146344> is submitted to queue <epistasis_normal>.
Job <16146345> is submitted to queue <epistasis_normal>.
Job <16146346> is submitted to queue <epistasis_normal>.
Job <16146347> is submitted to queue <epistasis_normal>.
Job <16146348> is submitted to queue <epistasis_normal>.
Job <16146349> is submitted to queue <epistasis_normal>.
Job <16146350> is submitted to queue <epistasis_normal>.
Job <16146351> is submitted to queue <epistasis_normal>.
Job <16146352> is submitted to queue <epistasis_normal>.
Job <16146353> is submitted to queue <epistasis_normal>.
Job <16146354> is submitted to queue <epistasis_normal>.
Job <16146355> is submitted to queue <epistasis_normal>.
Job <16146356> is submitted to queue <epistasis_normal>.
Job <16146357> is submitted to queue <epistasis_normal>.
Job <16146358> is submitted to queue <epistasis_normal>.
Job <16146359> is submitted to queue <epistasis_normal>.
Job <16146360> is submitted to queue <epistasis_normal>.
Job <16146361> is submitted to queue <epistasis_normal>.
Job <16146362> is submitted to queue <epistasis_normal>.
Job <16146363> is submitted to queue <epistasis_normal>.
Job <16146364> is submitted to queue <epistasis_normal>.
Job <16146365> is submitted to queue <epistasis_normal>.
Job <16146366> is submitted to queue <epistasis_normal>.
Job <16146367> is submitted to queue <epistasis_normal>.
Job <16146368> is submitted to queue <epistasis_normal>.
Job <16146369> is submitted to queue <epistasis_normal>.
Job <16146370> is submitted to queue <epistasis_normal>.
Job <16146371> is submitted to queue <epistasis_normal>.
Job <16146372> is submitted to queue <epistasis_normal>.
Job <16146373> is submitted to queue <epistasis_normal>.
Job <16146374> is submitted to queue <epistasis_normal>.
Job <16146375> is submitted to queue <epistasis_normal>.
Job <16146376> is submitted to queue <epistasis_normal>.
Job <16146377> is submitted to queue <epistasis_normal>.
Job <16146378> is submitted to queue <epistasis_normal>.
Job <16146379> is submitted to queue <epistasis_normal>.
Job <16146380> is submitted to queue <epistasis_normal>.
Job <16146381> is submitted to queue <epistasis_normal>.
Job <16146382> is submitted to queue <epistasis_normal>.
Job <16146383> is submitted to queue <epistasis_normal>.
Job <16146384> is submitted to queue <epistasis_normal>.
Job <16146385> is submitted to queue <epistasis_normal>.
Job <16146386> is submitted to queue <epistasis_normal>.
Job <16146387> is submitted to queue <epistasis_normal>.
Job <16146388> is submitted to queue <epistasis_normal>.
Job <16146389> is submitted to queue <epistasis_normal>.
Job <16146390> is submitted to queue <epistasis_normal>.
Job <16146391> is submitted to queue <epistasis_normal>.
Job <16146392> is submitted to queue <epistasis_normal>.
Job <16146393> is submitted to queue <epistasis_normal>.
Job <16146394> is submitted to queue <epistasis_normal>.
Job <16146395> is submitted to queue <epistasis_normal>.
Job <16146396> is submitted to queue <epistasis_normal>.
Job <16146397> is submitted to queue <epistasis_normal>.
Job <16146398> is submitted to queue <epistasis_normal>.
Job <16146399> is submitted to queue <epistasis_normal>.
Job <16146400> is submitted to queue <epistasis_normal>.
Job <16146401> is submitted to queue <epistasis_normal>.
Job <16146402> is submitted to queue <epistasis_normal>.
Job <16146403> is submitted to queue <epistasis_normal>.
Job <16146404> is submitted to queue <epistasis_normal>.
Job <16146405> is submitted to queue <epistasis_normal>.
Job <16146406> is submitted to queue <epistasis_normal>.
Job <16146407> is submitted to queue <epistasis_normal>.
Job <16146408> is submitted to queue <epistasis_normal>.
Job <16146409> is submitted to queue <epistasis_normal>.
Job <16146410> is submitted to queue <epistasis_normal>.
Job <16146411> is submitted to queue <epistasis_normal>.
Job <16146412> is submitted to queue <epistasis_normal>.
Job <16146413> is submitted to queue <epistasis_normal>.
Job <16146414> is submitted to queue <epistasis_normal>.
Job <16146415> is submitted to queue <epistasis_normal>.
Job <16146416> is submitted to queue <epistasis_normal>.
Job <16146417> is submitted to queue <epistasis_normal>.
Job <16146418> is submitted to queue <epistasis_normal>.
Job <16146419> is submitted to queue <epistasis_normal>.
Job <16146420> is submitted to queue <epistasis_normal>.
Job <16146421> is submitted to queue <epistasis_normal>.
Job <16146422> is submitted to queue <epistasis_normal>.
Job <16146423> is submitted to queue <epistasis_normal>.
Job <16146424> is submitted to queue <epistasis_normal>.
Job <16146425> is submitted to queue <epistasis_normal>.
Job <16146426> is submitted to queue <epistasis_normal>.
Job <16146427> is submitted to queue <epistasis_normal>.
Job <16146428> is submitted to queue <epistasis_normal>.
Job <16146429> is submitted to queue <epistasis_normal>.
Job <16146430> is submitted to queue <epistasis_normal>.
Job <16146431> is submitted to queue <epistasis_normal>.
Job <16146432> is submitted to queue <epistasis_normal>.
Job <16146433> is submitted to queue <epistasis_normal>.
Job <16146434> is submitted to queue <epistasis_normal>.
Job <16146435> is submitted to queue <epistasis_normal>.
Job <16146436> is submitted to queue <epistasis_normal>.
Job <16146437> is submitted to queue <epistasis_normal>.
Job <16146438> is submitted to queue <epistasis_normal>.
Job <16146439> is submitted to queue <epistasis_normal>.
Job <16146440> is submitted to queue <epistasis_normal>.
Job <16146441> is submitted to queue <epistasis_normal>.
Job <16146442> is submitted to queue <epistasis_normal>.
Job <16146443> is submitted to queue <epistasis_normal>.
Job <16146444> is submitted to queue <epistasis_normal>.
Job <16146445> is submitted to queue <epistasis_normal>.
Job <16146446> is submitted to queue <epistasis_normal>.
Job <16146447> is submitted to queue <epistasis_normal>.
Job <16146448> is submitted to queue <epistasis_normal>.
Job <16146449> is submitted to queue <epistasis_normal>.
Job <16146450> is submitted to queue <epistasis_normal>.
Job <16146451> is submitted to queue <epistasis_normal>.
Job <16146452> is submitted to queue <epistasis_normal>.
Job <16146453> is submitted to queue <epistasis_normal>.
Job <16146454> is submitted to queue <epistasis_normal>.
Job <16146455> is submitted to queue <epistasis_normal>.
Job <16146456> is submitted to queue <epistasis_normal>.
Job <16146457> is submitted to queue <epistasis_normal>.
Job <16146458> is submitted to queue <epistasis_normal>.
Job <16146459> is submitted to queue <epistasis_normal>.
Job <16146460> is submitted to queue <epistasis_normal>.
Job <16146461> is submitted to queue <epistasis_normal>.
Job <16146462> is submitted to queue <epistasis_normal>.
Job <16146463> is submitted to queue <epistasis_normal>.
Job <16146464> is submitted to queue <epistasis_normal>.


PS:

Read file <step1c_compute_all_shapley_values.err> for stderr output of this job.

