Sender: LSF System <jszostek@theta11>
Subject: Job 16144057: <step1b_train_all_neural_networks> in cluster <PMACS-SCC> Done

Job <step1b_train_all_neural_networks> was submitted from host <sarlacc> by user <greggj> in cluster <PMACS-SCC> at Sat Jun 18 23:02:21 2022
Job was executed on host(s) <theta11>, in queue <epistasis_normal>, as user <greggj> in cluster <PMACS-SCC> at Sat Jun 18 23:02:21 2022
</home/greggj> was used as the home directory.
</home/greggj/neural_network_Shapley_vals/hibachi/paper/step1_compute_nn_FI_scores> was used as the working directory.
Started at Sat Jun 18 23:02:21 2022
Terminated at Sat Jun 18 23:02:51 2022
Results reported at Sat Jun 18 23:02:51 2022

Your job looked like:

------------------------------------------------------------
# LSBATCH: User input
#!/bin/bash
#BSUB -J step1b_train_all_neural_networks
#BSUB -o step1b_train_all_neural_networks.out
#BSUB -e step1b_train_all_neural_networks.err

PATH_PREFIX="network_trainers/network_trainer"
PATH_SUFFIX=".sh"
NUM_FILES=$(ls network_trainers  | wc -l)
for ((i=1; i<=$NUM_FILES; i++))
do
   bsub < $PATH_PREFIX$i$PATH_SUFFIX
done
------------------------------------------------------------

Successfully completed.

Resource usage summary:

    CPU time :                                   13.64 sec.
    Max Memory :                                 3 MB
    Average Memory :                             2.75 MB
    Total Requested Memory :                     4096.00 MB
    Delta Memory :                               4093.00 MB
    Max Swap :                                   17592186044415 MB
    Max Processes :                              5
    Max Threads :                                6
    Run time :                                   30 sec.
    Turnaround time :                            30 sec.

The output (if any) follows:

Job <16144058> is submitted to queue <epistasis_normal>.
Job <16144059> is submitted to queue <epistasis_normal>.
Job <16144060> is submitted to queue <epistasis_normal>.
Job <16144061> is submitted to queue <epistasis_normal>.
Job <16144062> is submitted to queue <epistasis_normal>.
Job <16144063> is submitted to queue <epistasis_normal>.
Job <16144064> is submitted to queue <epistasis_normal>.
Job <16144065> is submitted to queue <epistasis_normal>.
Job <16144066> is submitted to queue <epistasis_normal>.
Job <16144067> is submitted to queue <epistasis_normal>.
Job <16144068> is submitted to queue <epistasis_normal>.
Job <16144069> is submitted to queue <epistasis_normal>.
Job <16144070> is submitted to queue <epistasis_normal>.
Job <16144071> is submitted to queue <epistasis_normal>.
Job <16144072> is submitted to queue <epistasis_normal>.
Job <16144073> is submitted to queue <epistasis_normal>.
Job <16144074> is submitted to queue <epistasis_normal>.
Job <16144075> is submitted to queue <epistasis_normal>.
Job <16144076> is submitted to queue <epistasis_normal>.
Job <16144077> is submitted to queue <epistasis_normal>.
Job <16144078> is submitted to queue <epistasis_normal>.
Job <16144079> is submitted to queue <epistasis_normal>.
Job <16144080> is submitted to queue <epistasis_normal>.
Job <16144081> is submitted to queue <epistasis_normal>.
Job <16144082> is submitted to queue <epistasis_normal>.
Job <16144083> is submitted to queue <epistasis_normal>.
Job <16144084> is submitted to queue <epistasis_normal>.
Job <16144085> is submitted to queue <epistasis_normal>.
Job <16144086> is submitted to queue <epistasis_normal>.
Job <16144087> is submitted to queue <epistasis_normal>.
Job <16144088> is submitted to queue <epistasis_normal>.
Job <16144089> is submitted to queue <epistasis_normal>.
Job <16144090> is submitted to queue <epistasis_normal>.
Job <16144091> is submitted to queue <epistasis_normal>.
Job <16144092> is submitted to queue <epistasis_normal>.
Job <16144093> is submitted to queue <epistasis_normal>.
Job <16144094> is submitted to queue <epistasis_normal>.
Job <16144095> is submitted to queue <epistasis_normal>.
Job <16144096> is submitted to queue <epistasis_normal>.
Job <16144097> is submitted to queue <epistasis_normal>.
Job <16144098> is submitted to queue <epistasis_normal>.
Job <16144099> is submitted to queue <epistasis_normal>.
Job <16144100> is submitted to queue <epistasis_normal>.
Job <16144101> is submitted to queue <epistasis_normal>.
Job <16144102> is submitted to queue <epistasis_normal>.
Job <16144103> is submitted to queue <epistasis_normal>.
Job <16144104> is submitted to queue <epistasis_normal>.
Job <16144105> is submitted to queue <epistasis_normal>.
Job <16144106> is submitted to queue <epistasis_normal>.
Job <16144107> is submitted to queue <epistasis_normal>.
Job <16144108> is submitted to queue <epistasis_normal>.
Job <16144109> is submitted to queue <epistasis_normal>.
Job <16144110> is submitted to queue <epistasis_normal>.
Job <16144111> is submitted to queue <epistasis_normal>.
Job <16144112> is submitted to queue <epistasis_normal>.
Job <16144113> is submitted to queue <epistasis_normal>.
Job <16144114> is submitted to queue <epistasis_normal>.
Job <16144115> is submitted to queue <epistasis_normal>.
Job <16144116> is submitted to queue <epistasis_normal>.
Job <16144117> is submitted to queue <epistasis_normal>.
Job <16144118> is submitted to queue <epistasis_normal>.
Job <16144119> is submitted to queue <epistasis_normal>.
Job <16144120> is submitted to queue <epistasis_normal>.
Job <16144121> is submitted to queue <epistasis_normal>.
Job <16144122> is submitted to queue <epistasis_normal>.
Job <16144123> is submitted to queue <epistasis_normal>.
Job <16144124> is submitted to queue <epistasis_normal>.
Job <16144125> is submitted to queue <epistasis_normal>.
Job <16144126> is submitted to queue <epistasis_normal>.
Job <16144127> is submitted to queue <epistasis_normal>.
Job <16144128> is submitted to queue <epistasis_normal>.
Job <16144129> is submitted to queue <epistasis_normal>.
Job <16144130> is submitted to queue <epistasis_normal>.
Job <16144131> is submitted to queue <epistasis_normal>.
Job <16144132> is submitted to queue <epistasis_normal>.
Job <16144133> is submitted to queue <epistasis_normal>.
Job <16144134> is submitted to queue <epistasis_normal>.
Job <16144135> is submitted to queue <epistasis_normal>.
Job <16144136> is submitted to queue <epistasis_normal>.
Job <16144137> is submitted to queue <epistasis_normal>.
Job <16144138> is submitted to queue <epistasis_normal>.
Job <16144139> is submitted to queue <epistasis_normal>.
Job <16144140> is submitted to queue <epistasis_normal>.
Job <16144141> is submitted to queue <epistasis_normal>.
Job <16144142> is submitted to queue <epistasis_normal>.
Job <16144143> is submitted to queue <epistasis_normal>.
Job <16144144> is submitted to queue <epistasis_normal>.
Job <16144145> is submitted to queue <epistasis_normal>.
Job <16144146> is submitted to queue <epistasis_normal>.
Job <16144147> is submitted to queue <epistasis_normal>.
Job <16144148> is submitted to queue <epistasis_normal>.
Job <16144149> is submitted to queue <epistasis_normal>.
Job <16144150> is submitted to queue <epistasis_normal>.
Job <16144151> is submitted to queue <epistasis_normal>.
Job <16144152> is submitted to queue <epistasis_normal>.
Job <16144153> is submitted to queue <epistasis_normal>.
Job <16144154> is submitted to queue <epistasis_normal>.
Job <16144155> is submitted to queue <epistasis_normal>.
Job <16144156> is submitted to queue <epistasis_normal>.
Job <16144157> is submitted to queue <epistasis_normal>.
Job <16144158> is submitted to queue <epistasis_normal>.
Job <16144159> is submitted to queue <epistasis_normal>.
Job <16144160> is submitted to queue <epistasis_normal>.
Job <16144161> is submitted to queue <epistasis_normal>.
Job <16144162> is submitted to queue <epistasis_normal>.
Job <16144163> is submitted to queue <epistasis_normal>.
Job <16144164> is submitted to queue <epistasis_normal>.
Job <16144165> is submitted to queue <epistasis_normal>.
Job <16144166> is submitted to queue <epistasis_normal>.
Job <16144167> is submitted to queue <epistasis_normal>.
Job <16144168> is submitted to queue <epistasis_normal>.
Job <16144169> is submitted to queue <epistasis_normal>.
Job <16144170> is submitted to queue <epistasis_normal>.
Job <16144171> is submitted to queue <epistasis_normal>.
Job <16144172> is submitted to queue <epistasis_normal>.
Job <16144173> is submitted to queue <epistasis_normal>.
Job <16144174> is submitted to queue <epistasis_normal>.
Job <16144175> is submitted to queue <epistasis_normal>.
Job <16144176> is submitted to queue <epistasis_normal>.
Job <16144177> is submitted to queue <epistasis_normal>.
Job <16144178> is submitted to queue <epistasis_normal>.
Job <16144179> is submitted to queue <epistasis_normal>.
Job <16144180> is submitted to queue <epistasis_normal>.
Job <16144181> is submitted to queue <epistasis_normal>.
Job <16144182> is submitted to queue <epistasis_normal>.
Job <16144183> is submitted to queue <epistasis_normal>.
Job <16144184> is submitted to queue <epistasis_normal>.
Job <16144185> is submitted to queue <epistasis_normal>.
Job <16144186> is submitted to queue <epistasis_normal>.
Job <16144187> is submitted to queue <epistasis_normal>.
Job <16144188> is submitted to queue <epistasis_normal>.
Job <16144189> is submitted to queue <epistasis_normal>.
Job <16144190> is submitted to queue <epistasis_normal>.
Job <16144191> is submitted to queue <epistasis_normal>.
Job <16144192> is submitted to queue <epistasis_normal>.
Job <16144193> is submitted to queue <epistasis_normal>.
Job <16144194> is submitted to queue <epistasis_normal>.
Job <16144195> is submitted to queue <epistasis_normal>.
Job <16144196> is submitted to queue <epistasis_normal>.
Job <16144197> is submitted to queue <epistasis_normal>.
Job <16144198> is submitted to queue <epistasis_normal>.
Job <16144199> is submitted to queue <epistasis_normal>.
Job <16144200> is submitted to queue <epistasis_normal>.
Job <16144201> is submitted to queue <epistasis_normal>.
Job <16144202> is submitted to queue <epistasis_normal>.
Job <16144203> is submitted to queue <epistasis_normal>.
Job <16144204> is submitted to queue <epistasis_normal>.
Job <16144205> is submitted to queue <epistasis_normal>.
Job <16144206> is submitted to queue <epistasis_normal>.
Job <16144207> is submitted to queue <epistasis_normal>.
Job <16144208> is submitted to queue <epistasis_normal>.
Job <16144209> is submitted to queue <epistasis_normal>.
Job <16144210> is submitted to queue <epistasis_normal>.
Job <16144211> is submitted to queue <epistasis_normal>.
Job <16144212> is submitted to queue <epistasis_normal>.
Job <16144213> is submitted to queue <epistasis_normal>.
Job <16144214> is submitted to queue <epistasis_normal>.
Job <16144215> is submitted to queue <epistasis_normal>.
Job <16144216> is submitted to queue <epistasis_normal>.
Job <16144217> is submitted to queue <epistasis_normal>.
Job <16144218> is submitted to queue <epistasis_normal>.
Job <16144219> is submitted to queue <epistasis_normal>.
Job <16144220> is submitted to queue <epistasis_normal>.
Job <16144221> is submitted to queue <epistasis_normal>.
Job <16144222> is submitted to queue <epistasis_normal>.
Job <16144223> is submitted to queue <epistasis_normal>.
Job <16144224> is submitted to queue <epistasis_normal>.
Job <16144225> is submitted to queue <epistasis_normal>.
Job <16144226> is submitted to queue <epistasis_normal>.
Job <16144227> is submitted to queue <epistasis_normal>.
Job <16144228> is submitted to queue <epistasis_normal>.
Job <16144229> is submitted to queue <epistasis_normal>.
Job <16144230> is submitted to queue <epistasis_normal>.
Job <16144231> is submitted to queue <epistasis_normal>.
Job <16144232> is submitted to queue <epistasis_normal>.
Job <16144233> is submitted to queue <epistasis_normal>.
Job <16144234> is submitted to queue <epistasis_normal>.
Job <16144235> is submitted to queue <epistasis_normal>.
Job <16144236> is submitted to queue <epistasis_normal>.
Job <16144237> is submitted to queue <epistasis_normal>.
Job <16144238> is submitted to queue <epistasis_normal>.
Job <16144239> is submitted to queue <epistasis_normal>.
Job <16144240> is submitted to queue <epistasis_normal>.
Job <16144241> is submitted to queue <epistasis_normal>.
Job <16144242> is submitted to queue <epistasis_normal>.
Job <16144243> is submitted to queue <epistasis_normal>.
Job <16144244> is submitted to queue <epistasis_normal>.
Job <16144245> is submitted to queue <epistasis_normal>.
Job <16144246> is submitted to queue <epistasis_normal>.
Job <16144247> is submitted to queue <epistasis_normal>.
Job <16144248> is submitted to queue <epistasis_normal>.
Job <16144249> is submitted to queue <epistasis_normal>.
Job <16144250> is submitted to queue <epistasis_normal>.
Job <16144251> is submitted to queue <epistasis_normal>.
Job <16144252> is submitted to queue <epistasis_normal>.
Job <16144253> is submitted to queue <epistasis_normal>.
Job <16144254> is submitted to queue <epistasis_normal>.
Job <16144255> is submitted to queue <epistasis_normal>.
Job <16144256> is submitted to queue <epistasis_normal>.
Job <16144257> is submitted to queue <epistasis_normal>.
Job <16144258> is submitted to queue <epistasis_normal>.
Job <16144259> is submitted to queue <epistasis_normal>.
Job <16144260> is submitted to queue <epistasis_normal>.
Job <16144261> is submitted to queue <epistasis_normal>.
Job <16144262> is submitted to queue <epistasis_normal>.
Job <16144263> is submitted to queue <epistasis_normal>.
Job <16144264> is submitted to queue <epistasis_normal>.
Job <16144265> is submitted to queue <epistasis_normal>.
Job <16144266> is submitted to queue <epistasis_normal>.
Job <16144267> is submitted to queue <epistasis_normal>.
Job <16144268> is submitted to queue <epistasis_normal>.
Job <16144269> is submitted to queue <epistasis_normal>.
Job <16144270> is submitted to queue <epistasis_normal>.
Job <16144271> is submitted to queue <epistasis_normal>.
Job <16144272> is submitted to queue <epistasis_normal>.
Job <16144273> is submitted to queue <epistasis_normal>.
Job <16144274> is submitted to queue <epistasis_normal>.
Job <16144275> is submitted to queue <epistasis_normal>.
Job <16144276> is submitted to queue <epistasis_normal>.
Job <16144277> is submitted to queue <epistasis_normal>.
Job <16144278> is submitted to queue <epistasis_normal>.
Job <16144279> is submitted to queue <epistasis_normal>.
Job <16144280> is submitted to queue <epistasis_normal>.
Job <16144281> is submitted to queue <epistasis_normal>.
Job <16144282> is submitted to queue <epistasis_normal>.
Job <16144283> is submitted to queue <epistasis_normal>.
Job <16144284> is submitted to queue <epistasis_normal>.
Job <16144285> is submitted to queue <epistasis_normal>.
Job <16144286> is submitted to queue <epistasis_normal>.
Job <16144287> is submitted to queue <epistasis_normal>.
Job <16144288> is submitted to queue <epistasis_normal>.
Job <16144289> is submitted to queue <epistasis_normal>.
Job <16144290> is submitted to queue <epistasis_normal>.
Job <16144291> is submitted to queue <epistasis_normal>.
Job <16144292> is submitted to queue <epistasis_normal>.
Job <16144293> is submitted to queue <epistasis_normal>.
Job <16144294> is submitted to queue <epistasis_normal>.
Job <16144295> is submitted to queue <epistasis_normal>.
Job <16144296> is submitted to queue <epistasis_normal>.
Job <16144297> is submitted to queue <epistasis_normal>.
Job <16144298> is submitted to queue <epistasis_normal>.
Job <16144299> is submitted to queue <epistasis_normal>.
Job <16144300> is submitted to queue <epistasis_normal>.
Job <16144301> is submitted to queue <epistasis_normal>.
Job <16144302> is submitted to queue <epistasis_normal>.
Job <16144303> is submitted to queue <epistasis_normal>.
Job <16144304> is submitted to queue <epistasis_normal>.
Job <16144305> is submitted to queue <epistasis_normal>.
Job <16144306> is submitted to queue <epistasis_normal>.
Job <16144307> is submitted to queue <epistasis_normal>.
Job <16144308> is submitted to queue <epistasis_normal>.
Job <16144309> is submitted to queue <epistasis_normal>.
Job <16144310> is submitted to queue <epistasis_normal>.
Job <16144311> is submitted to queue <epistasis_normal>.
Job <16144312> is submitted to queue <epistasis_normal>.
Job <16144313> is submitted to queue <epistasis_normal>.
Job <16144314> is submitted to queue <epistasis_normal>.
Job <16144315> is submitted to queue <epistasis_normal>.
Job <16144316> is submitted to queue <epistasis_normal>.
Job <16144317> is submitted to queue <epistasis_normal>.
Job <16144318> is submitted to queue <epistasis_normal>.
Job <16144319> is submitted to queue <epistasis_normal>.
Job <16144320> is submitted to queue <epistasis_normal>.
Job <16144321> is submitted to queue <epistasis_normal>.
Job <16144322> is submitted to queue <epistasis_normal>.
Job <16144323> is submitted to queue <epistasis_normal>.
Job <16144324> is submitted to queue <epistasis_normal>.
Job <16144325> is submitted to queue <epistasis_normal>.
Job <16144326> is submitted to queue <epistasis_normal>.
Job <16144327> is submitted to queue <epistasis_normal>.
Job <16144328> is submitted to queue <epistasis_normal>.
Job <16144329> is submitted to queue <epistasis_normal>.
Job <16144330> is submitted to queue <epistasis_normal>.
Job <16144331> is submitted to queue <epistasis_normal>.
Job <16144332> is submitted to queue <epistasis_normal>.
Job <16144333> is submitted to queue <epistasis_normal>.
Job <16144334> is submitted to queue <epistasis_normal>.
Job <16144335> is submitted to queue <epistasis_normal>.
Job <16144336> is submitted to queue <epistasis_normal>.
Job <16144337> is submitted to queue <epistasis_normal>.
Job <16144338> is submitted to queue <epistasis_normal>.
Job <16144339> is submitted to queue <epistasis_normal>.
Job <16144340> is submitted to queue <epistasis_normal>.
Job <16144341> is submitted to queue <epistasis_normal>.
Job <16144342> is submitted to queue <epistasis_normal>.
Job <16144343> is submitted to queue <epistasis_normal>.
Job <16144344> is submitted to queue <epistasis_normal>.
Job <16144345> is submitted to queue <epistasis_normal>.
Job <16144346> is submitted to queue <epistasis_normal>.
Job <16144347> is submitted to queue <epistasis_normal>.
Job <16144348> is submitted to queue <epistasis_normal>.
Job <16144349> is submitted to queue <epistasis_normal>.
Job <16144350> is submitted to queue <epistasis_normal>.
Job <16144351> is submitted to queue <epistasis_normal>.
Job <16144352> is submitted to queue <epistasis_normal>.
Job <16144353> is submitted to queue <epistasis_normal>.
Job <16144354> is submitted to queue <epistasis_normal>.
Job <16144355> is submitted to queue <epistasis_normal>.
Job <16144356> is submitted to queue <epistasis_normal>.
Job <16144357> is submitted to queue <epistasis_normal>.
Job <16144359> is submitted to queue <epistasis_normal>.
Job <16144360> is submitted to queue <epistasis_normal>.
Job <16144361> is submitted to queue <epistasis_normal>.
Job <16144362> is submitted to queue <epistasis_normal>.
Job <16144363> is submitted to queue <epistasis_normal>.
Job <16144364> is submitted to queue <epistasis_normal>.
Job <16144365> is submitted to queue <epistasis_normal>.
Job <16144366> is submitted to queue <epistasis_normal>.
Job <16144367> is submitted to queue <epistasis_normal>.
Job <16144368> is submitted to queue <epistasis_normal>.
Job <16144369> is submitted to queue <epistasis_normal>.
Job <16144370> is submitted to queue <epistasis_normal>.
Job <16144371> is submitted to queue <epistasis_normal>.
Job <16144372> is submitted to queue <epistasis_normal>.
Job <16144373> is submitted to queue <epistasis_normal>.
Job <16144374> is submitted to queue <epistasis_normal>.
Job <16144375> is submitted to queue <epistasis_normal>.
Job <16144376> is submitted to queue <epistasis_normal>.
Job <16144377> is submitted to queue <epistasis_normal>.
Job <16144378> is submitted to queue <epistasis_normal>.
Job <16144379> is submitted to queue <epistasis_normal>.
Job <16144380> is submitted to queue <epistasis_normal>.
Job <16144381> is submitted to queue <epistasis_normal>.
Job <16144382> is submitted to queue <epistasis_normal>.
Job <16144383> is submitted to queue <epistasis_normal>.
Job <16144384> is submitted to queue <epistasis_normal>.
Job <16144385> is submitted to queue <epistasis_normal>.
Job <16144386> is submitted to queue <epistasis_normal>.
Job <16144387> is submitted to queue <epistasis_normal>.
Job <16144388> is submitted to queue <epistasis_normal>.
Job <16144389> is submitted to queue <epistasis_normal>.
Job <16144390> is submitted to queue <epistasis_normal>.
Job <16144391> is submitted to queue <epistasis_normal>.
Job <16144392> is submitted to queue <epistasis_normal>.
Job <16144393> is submitted to queue <epistasis_normal>.
Job <16144394> is submitted to queue <epistasis_normal>.
Job <16144395> is submitted to queue <epistasis_normal>.
Job <16144396> is submitted to queue <epistasis_normal>.
Job <16144397> is submitted to queue <epistasis_normal>.
Job <16144398> is submitted to queue <epistasis_normal>.
Job <16144399> is submitted to queue <epistasis_normal>.
Job <16144400> is submitted to queue <epistasis_normal>.
Job <16144401> is submitted to queue <epistasis_normal>.
Job <16144402> is submitted to queue <epistasis_normal>.
Job <16144403> is submitted to queue <epistasis_normal>.
Job <16144404> is submitted to queue <epistasis_normal>.
Job <16144405> is submitted to queue <epistasis_normal>.
Job <16144406> is submitted to queue <epistasis_normal>.
Job <16144407> is submitted to queue <epistasis_normal>.
Job <16144408> is submitted to queue <epistasis_normal>.
Job <16144409> is submitted to queue <epistasis_normal>.
Job <16144410> is submitted to queue <epistasis_normal>.
Job <16144411> is submitted to queue <epistasis_normal>.
Job <16144412> is submitted to queue <epistasis_normal>.
Job <16144413> is submitted to queue <epistasis_normal>.
Job <16144414> is submitted to queue <epistasis_normal>.
Job <16144415> is submitted to queue <epistasis_normal>.
Job <16144416> is submitted to queue <epistasis_normal>.
Job <16144417> is submitted to queue <epistasis_normal>.
Job <16144418> is submitted to queue <epistasis_normal>.
Job <16144419> is submitted to queue <epistasis_normal>.
Job <16144420> is submitted to queue <epistasis_normal>.
Job <16144421> is submitted to queue <epistasis_normal>.
Job <16144422> is submitted to queue <epistasis_normal>.
Job <16144423> is submitted to queue <epistasis_normal>.
Job <16144424> is submitted to queue <epistasis_normal>.
Job <16144425> is submitted to queue <epistasis_normal>.
Job <16144426> is submitted to queue <epistasis_normal>.
Job <16144427> is submitted to queue <epistasis_normal>.
Job <16144428> is submitted to queue <epistasis_normal>.
Job <16144429> is submitted to queue <epistasis_normal>.
Job <16144430> is submitted to queue <epistasis_normal>.
Job <16144431> is submitted to queue <epistasis_normal>.
Job <16144432> is submitted to queue <epistasis_normal>.
Job <16144433> is submitted to queue <epistasis_normal>.
Job <16144434> is submitted to queue <epistasis_normal>.
Job <16144435> is submitted to queue <epistasis_normal>.
Job <16144436> is submitted to queue <epistasis_normal>.
Job <16144437> is submitted to queue <epistasis_normal>.
Job <16144438> is submitted to queue <epistasis_normal>.
Job <16144439> is submitted to queue <epistasis_normal>.
Job <16144440> is submitted to queue <epistasis_normal>.
Job <16144441> is submitted to queue <epistasis_normal>.
Job <16144442> is submitted to queue <epistasis_normal>.
Job <16144443> is submitted to queue <epistasis_normal>.
Job <16144444> is submitted to queue <epistasis_normal>.
Job <16144445> is submitted to queue <epistasis_normal>.
Job <16144446> is submitted to queue <epistasis_normal>.
Job <16144447> is submitted to queue <epistasis_normal>.
Job <16144448> is submitted to queue <epistasis_normal>.
Job <16144449> is submitted to queue <epistasis_normal>.
Job <16144450> is submitted to queue <epistasis_normal>.
Job <16144451> is submitted to queue <epistasis_normal>.
Job <16144452> is submitted to queue <epistasis_normal>.
Job <16144453> is submitted to queue <epistasis_normal>.
Job <16144454> is submitted to queue <epistasis_normal>.
Job <16144455> is submitted to queue <epistasis_normal>.
Job <16144456> is submitted to queue <epistasis_normal>.
Job <16144457> is submitted to queue <epistasis_normal>.
Job <16144458> is submitted to queue <epistasis_normal>.
Job <16144459> is submitted to queue <epistasis_normal>.
Job <16144460> is submitted to queue <epistasis_normal>.
Job <16144461> is submitted to queue <epistasis_normal>.
Job <16144462> is submitted to queue <epistasis_normal>.
Job <16144463> is submitted to queue <epistasis_normal>.
Job <16144464> is submitted to queue <epistasis_normal>.
Job <16144465> is submitted to queue <epistasis_normal>.
Job <16144466> is submitted to queue <epistasis_normal>.
Job <16144467> is submitted to queue <epistasis_normal>.
Job <16144468> is submitted to queue <epistasis_normal>.
Job <16144469> is submitted to queue <epistasis_normal>.
Job <16144470> is submitted to queue <epistasis_normal>.
Job <16144471> is submitted to queue <epistasis_normal>.
Job <16144472> is submitted to queue <epistasis_normal>.
Job <16144473> is submitted to queue <epistasis_normal>.
Job <16144474> is submitted to queue <epistasis_normal>.
Job <16144475> is submitted to queue <epistasis_normal>.
Job <16144476> is submitted to queue <epistasis_normal>.
Job <16144477> is submitted to queue <epistasis_normal>.
Job <16144478> is submitted to queue <epistasis_normal>.
Job <16144479> is submitted to queue <epistasis_normal>.
Job <16144480> is submitted to queue <epistasis_normal>.
Job <16144481> is submitted to queue <epistasis_normal>.
Job <16144482> is submitted to queue <epistasis_normal>.
Job <16144483> is submitted to queue <epistasis_normal>.
Job <16144484> is submitted to queue <epistasis_normal>.
Job <16144485> is submitted to queue <epistasis_normal>.
Job <16144486> is submitted to queue <epistasis_normal>.
Job <16144487> is submitted to queue <epistasis_normal>.
Job <16144488> is submitted to queue <epistasis_normal>.
Job <16144489> is submitted to queue <epistasis_normal>.
Job <16144490> is submitted to queue <epistasis_normal>.
Job <16144491> is submitted to queue <epistasis_normal>.
Job <16144492> is submitted to queue <epistasis_normal>.
Job <16144493> is submitted to queue <epistasis_normal>.
Job <16144494> is submitted to queue <epistasis_normal>.
Job <16144495> is submitted to queue <epistasis_normal>.
Job <16144496> is submitted to queue <epistasis_normal>.
Job <16144497> is submitted to queue <epistasis_normal>.
Job <16144498> is submitted to queue <epistasis_normal>.
Job <16144499> is submitted to queue <epistasis_normal>.
Job <16144500> is submitted to queue <epistasis_normal>.
Job <16144501> is submitted to queue <epistasis_normal>.
Job <16144502> is submitted to queue <epistasis_normal>.
Job <16144503> is submitted to queue <epistasis_normal>.
Job <16144504> is submitted to queue <epistasis_normal>.
Job <16144505> is submitted to queue <epistasis_normal>.
Job <16144506> is submitted to queue <epistasis_normal>.
Job <16144507> is submitted to queue <epistasis_normal>.
Job <16144508> is submitted to queue <epistasis_normal>.
Job <16144509> is submitted to queue <epistasis_normal>.
Job <16144510> is submitted to queue <epistasis_normal>.
Job <16144511> is submitted to queue <epistasis_normal>.
Job <16144512> is submitted to queue <epistasis_normal>.
Job <16144513> is submitted to queue <epistasis_normal>.
Job <16144514> is submitted to queue <epistasis_normal>.
Job <16144515> is submitted to queue <epistasis_normal>.
Job <16144516> is submitted to queue <epistasis_normal>.
Job <16144517> is submitted to queue <epistasis_normal>.
Job <16144518> is submitted to queue <epistasis_normal>.
Job <16144519> is submitted to queue <epistasis_normal>.
Job <16144520> is submitted to queue <epistasis_normal>.
Job <16144521> is submitted to queue <epistasis_normal>.
Job <16144522> is submitted to queue <epistasis_normal>.
Job <16144523> is submitted to queue <epistasis_normal>.
Job <16144524> is submitted to queue <epistasis_normal>.
Job <16144525> is submitted to queue <epistasis_normal>.
Job <16144526> is submitted to queue <epistasis_normal>.
Job <16144527> is submitted to queue <epistasis_normal>.
Job <16144528> is submitted to queue <epistasis_normal>.
Job <16144529> is submitted to queue <epistasis_normal>.
Job <16144530> is submitted to queue <epistasis_normal>.
Job <16144531> is submitted to queue <epistasis_normal>.
Job <16144532> is submitted to queue <epistasis_normal>.
Job <16144533> is submitted to queue <epistasis_normal>.
Job <16144534> is submitted to queue <epistasis_normal>.
Job <16144535> is submitted to queue <epistasis_normal>.
Job <16144536> is submitted to queue <epistasis_normal>.
Job <16144537> is submitted to queue <epistasis_normal>.
Job <16144538> is submitted to queue <epistasis_normal>.
Job <16144539> is submitted to queue <epistasis_normal>.
Job <16144540> is submitted to queue <epistasis_normal>.
Job <16144541> is submitted to queue <epistasis_normal>.
Job <16144542> is submitted to queue <epistasis_normal>.
Job <16144543> is submitted to queue <epistasis_normal>.
Job <16144544> is submitted to queue <epistasis_normal>.
Job <16144545> is submitted to queue <epistasis_normal>.
Job <16144546> is submitted to queue <epistasis_normal>.
Job <16144547> is submitted to queue <epistasis_normal>.
Job <16144548> is submitted to queue <epistasis_normal>.
Job <16144549> is submitted to queue <epistasis_normal>.
Job <16144550> is submitted to queue <epistasis_normal>.
Job <16144551> is submitted to queue <epistasis_normal>.
Job <16144552> is submitted to queue <epistasis_normal>.
Job <16144553> is submitted to queue <epistasis_normal>.
Job <16144554> is submitted to queue <epistasis_normal>.
Job <16144555> is submitted to queue <epistasis_normal>.
Job <16144556> is submitted to queue <epistasis_normal>.
Job <16144557> is submitted to queue <epistasis_normal>.
Job <16144558> is submitted to queue <epistasis_normal>.
Job <16144559> is submitted to queue <epistasis_normal>.
Job <16144560> is submitted to queue <epistasis_normal>.
Job <16144561> is submitted to queue <epistasis_normal>.
Job <16144562> is submitted to queue <epistasis_normal>.
Job <16144563> is submitted to queue <epistasis_normal>.
Job <16144564> is submitted to queue <epistasis_normal>.
Job <16144565> is submitted to queue <epistasis_normal>.
Job <16144566> is submitted to queue <epistasis_normal>.
Job <16144567> is submitted to queue <epistasis_normal>.
Job <16144568> is submitted to queue <epistasis_normal>.
Job <16144569> is submitted to queue <epistasis_normal>.
Job <16144570> is submitted to queue <epistasis_normal>.
Job <16144571> is submitted to queue <epistasis_normal>.
Job <16144572> is submitted to queue <epistasis_normal>.
Job <16144573> is submitted to queue <epistasis_normal>.
Job <16144574> is submitted to queue <epistasis_normal>.
Job <16144575> is submitted to queue <epistasis_normal>.
Job <16144576> is submitted to queue <epistasis_normal>.
Job <16144577> is submitted to queue <epistasis_normal>.
Job <16144578> is submitted to queue <epistasis_normal>.
Job <16144579> is submitted to queue <epistasis_normal>.
Job <16144580> is submitted to queue <epistasis_normal>.
Job <16144581> is submitted to queue <epistasis_normal>.
Job <16144582> is submitted to queue <epistasis_normal>.
Job <16144583> is submitted to queue <epistasis_normal>.
Job <16144584> is submitted to queue <epistasis_normal>.
Job <16144585> is submitted to queue <epistasis_normal>.
Job <16144586> is submitted to queue <epistasis_normal>.
Job <16144587> is submitted to queue <epistasis_normal>.
Job <16144588> is submitted to queue <epistasis_normal>.
Job <16144589> is submitted to queue <epistasis_normal>.
Job <16144590> is submitted to queue <epistasis_normal>.
Job <16144591> is submitted to queue <epistasis_normal>.
Job <16144592> is submitted to queue <epistasis_normal>.
Job <16144593> is submitted to queue <epistasis_normal>.
Job <16144594> is submitted to queue <epistasis_normal>.
Job <16144595> is submitted to queue <epistasis_normal>.
Job <16144596> is submitted to queue <epistasis_normal>.
Job <16144597> is submitted to queue <epistasis_normal>.
Job <16144598> is submitted to queue <epistasis_normal>.
Job <16144599> is submitted to queue <epistasis_normal>.
Job <16144600> is submitted to queue <epistasis_normal>.
Job <16144601> is submitted to queue <epistasis_normal>.
Job <16144602> is submitted to queue <epistasis_normal>.
Job <16144603> is submitted to queue <epistasis_normal>.
Job <16144604> is submitted to queue <epistasis_normal>.
Job <16144605> is submitted to queue <epistasis_normal>.
Job <16144606> is submitted to queue <epistasis_normal>.
Job <16144607> is submitted to queue <epistasis_normal>.
Job <16144608> is submitted to queue <epistasis_normal>.
Job <16144609> is submitted to queue <epistasis_normal>.
Job <16144610> is submitted to queue <epistasis_normal>.
Job <16144611> is submitted to queue <epistasis_normal>.
Job <16144612> is submitted to queue <epistasis_normal>.
Job <16144613> is submitted to queue <epistasis_normal>.
Job <16144614> is submitted to queue <epistasis_normal>.
Job <16144615> is submitted to queue <epistasis_normal>.
Job <16144616> is submitted to queue <epistasis_normal>.
Job <16144617> is submitted to queue <epistasis_normal>.
Job <16144618> is submitted to queue <epistasis_normal>.
Job <16144619> is submitted to queue <epistasis_normal>.
Job <16144620> is submitted to queue <epistasis_normal>.
Job <16144621> is submitted to queue <epistasis_normal>.
Job <16144622> is submitted to queue <epistasis_normal>.
Job <16144623> is submitted to queue <epistasis_normal>.
Job <16144624> is submitted to queue <epistasis_normal>.
Job <16144625> is submitted to queue <epistasis_normal>.
Job <16144626> is submitted to queue <epistasis_normal>.
Job <16144627> is submitted to queue <epistasis_normal>.
Job <16144628> is submitted to queue <epistasis_normal>.
Job <16144629> is submitted to queue <epistasis_normal>.
Job <16144630> is submitted to queue <epistasis_normal>.
Job <16144631> is submitted to queue <epistasis_normal>.
Job <16144632> is submitted to queue <epistasis_normal>.
Job <16144633> is submitted to queue <epistasis_normal>.
Job <16144634> is submitted to queue <epistasis_normal>.
Job <16144635> is submitted to queue <epistasis_normal>.
Job <16144636> is submitted to queue <epistasis_normal>.
Job <16144637> is submitted to queue <epistasis_normal>.
Job <16144638> is submitted to queue <epistasis_normal>.
Job <16144639> is submitted to queue <epistasis_normal>.
Job <16144640> is submitted to queue <epistasis_normal>.
Job <16144641> is submitted to queue <epistasis_normal>.
Job <16144642> is submitted to queue <epistasis_normal>.
Job <16144643> is submitted to queue <epistasis_normal>.
Job <16144644> is submitted to queue <epistasis_normal>.
Job <16144645> is submitted to queue <epistasis_normal>.
Job <16144646> is submitted to queue <epistasis_normal>.
Job <16144647> is submitted to queue <epistasis_normal>.
Job <16144648> is submitted to queue <epistasis_normal>.
Job <16144649> is submitted to queue <epistasis_normal>.
Job <16144650> is submitted to queue <epistasis_normal>.
Job <16144651> is submitted to queue <epistasis_normal>.
Job <16144652> is submitted to queue <epistasis_normal>.
Job <16144653> is submitted to queue <epistasis_normal>.
Job <16144654> is submitted to queue <epistasis_normal>.
Job <16144655> is submitted to queue <epistasis_normal>.
Job <16144656> is submitted to queue <epistasis_normal>.
Job <16144657> is submitted to queue <epistasis_normal>.
Job <16144658> is submitted to queue <epistasis_normal>.
Job <16144659> is submitted to queue <epistasis_normal>.
Job <16144660> is submitted to queue <epistasis_normal>.
Job <16144661> is submitted to queue <epistasis_normal>.
Job <16144662> is submitted to queue <epistasis_normal>.
Job <16144663> is submitted to queue <epistasis_normal>.
Job <16144664> is submitted to queue <epistasis_normal>.
Job <16144665> is submitted to queue <epistasis_normal>.
Job <16144666> is submitted to queue <epistasis_normal>.
Job <16144667> is submitted to queue <epistasis_normal>.
Job <16144668> is submitted to queue <epistasis_normal>.
Job <16144669> is submitted to queue <epistasis_normal>.
Job <16144670> is submitted to queue <epistasis_normal>.
Job <16144671> is submitted to queue <epistasis_normal>.
Job <16144672> is submitted to queue <epistasis_normal>.
Job <16144673> is submitted to queue <epistasis_normal>.
Job <16144674> is submitted to queue <epistasis_normal>.
Job <16144675> is submitted to queue <epistasis_normal>.
Job <16144676> is submitted to queue <epistasis_normal>.
Job <16144677> is submitted to queue <epistasis_normal>.
Job <16144678> is submitted to queue <epistasis_normal>.
Job <16144679> is submitted to queue <epistasis_normal>.
Job <16144680> is submitted to queue <epistasis_normal>.
Job <16144681> is submitted to queue <epistasis_normal>.
Job <16144682> is submitted to queue <epistasis_normal>.
Job <16144683> is submitted to queue <epistasis_normal>.
Job <16144684> is submitted to queue <epistasis_normal>.
Job <16144685> is submitted to queue <epistasis_normal>.
Job <16144686> is submitted to queue <epistasis_normal>.
Job <16144687> is submitted to queue <epistasis_normal>.
Job <16144688> is submitted to queue <epistasis_normal>.
Job <16144689> is submitted to queue <epistasis_normal>.
Job <16144690> is submitted to queue <epistasis_normal>.
Job <16144691> is submitted to queue <epistasis_normal>.
Job <16144692> is submitted to queue <epistasis_normal>.
Job <16144693> is submitted to queue <epistasis_normal>.
Job <16144694> is submitted to queue <epistasis_normal>.
Job <16144695> is submitted to queue <epistasis_normal>.
Job <16144696> is submitted to queue <epistasis_normal>.
Job <16144697> is submitted to queue <epistasis_normal>.
Job <16144698> is submitted to queue <epistasis_normal>.
Job <16144699> is submitted to queue <epistasis_normal>.
Job <16144700> is submitted to queue <epistasis_normal>.
Job <16144701> is submitted to queue <epistasis_normal>.
Job <16144702> is submitted to queue <epistasis_normal>.
Job <16144703> is submitted to queue <epistasis_normal>.
Job <16144704> is submitted to queue <epistasis_normal>.
Job <16144705> is submitted to queue <epistasis_normal>.
Job <16144706> is submitted to queue <epistasis_normal>.
Job <16144707> is submitted to queue <epistasis_normal>.
Job <16144708> is submitted to queue <epistasis_normal>.
Job <16144709> is submitted to queue <epistasis_normal>.
Job <16144710> is submitted to queue <epistasis_normal>.
Job <16144711> is submitted to queue <epistasis_normal>.
Job <16144712> is submitted to queue <epistasis_normal>.
Job <16144713> is submitted to queue <epistasis_normal>.
Job <16144714> is submitted to queue <epistasis_normal>.
Job <16144715> is submitted to queue <epistasis_normal>.
Job <16144716> is submitted to queue <epistasis_normal>.
Job <16144717> is submitted to queue <epistasis_normal>.
Job <16144718> is submitted to queue <epistasis_normal>.
Job <16144719> is submitted to queue <epistasis_normal>.
Job <16144720> is submitted to queue <epistasis_normal>.
Job <16144721> is submitted to queue <epistasis_normal>.
Job <16144722> is submitted to queue <epistasis_normal>.
Job <16144723> is submitted to queue <epistasis_normal>.
Job <16144724> is submitted to queue <epistasis_normal>.
Job <16144725> is submitted to queue <epistasis_normal>.
Job <16144726> is submitted to queue <epistasis_normal>.
Job <16144727> is submitted to queue <epistasis_normal>.
Job <16144728> is submitted to queue <epistasis_normal>.
Job <16144729> is submitted to queue <epistasis_normal>.
Job <16144730> is submitted to queue <epistasis_normal>.
Job <16144731> is submitted to queue <epistasis_normal>.
Job <16144732> is submitted to queue <epistasis_normal>.
Job <16144733> is submitted to queue <epistasis_normal>.
Job <16144734> is submitted to queue <epistasis_normal>.
Job <16144735> is submitted to queue <epistasis_normal>.
Job <16144736> is submitted to queue <epistasis_normal>.
Job <16144737> is submitted to queue <epistasis_normal>.
Job <16144738> is submitted to queue <epistasis_normal>.
Job <16144739> is submitted to queue <epistasis_normal>.
Job <16144740> is submitted to queue <epistasis_normal>.
Job <16144741> is submitted to queue <epistasis_normal>.
Job <16144742> is submitted to queue <epistasis_normal>.
Job <16144743> is submitted to queue <epistasis_normal>.
Job <16144744> is submitted to queue <epistasis_normal>.
Job <16144745> is submitted to queue <epistasis_normal>.
Job <16144746> is submitted to queue <epistasis_normal>.
Job <16144747> is submitted to queue <epistasis_normal>.
Job <16144748> is submitted to queue <epistasis_normal>.
Job <16144749> is submitted to queue <epistasis_normal>.
Job <16144750> is submitted to queue <epistasis_normal>.
Job <16144751> is submitted to queue <epistasis_normal>.
Job <16144752> is submitted to queue <epistasis_normal>.
Job <16144753> is submitted to queue <epistasis_normal>.
Job <16144754> is submitted to queue <epistasis_normal>.
Job <16144755> is submitted to queue <epistasis_normal>.
Job <16144756> is submitted to queue <epistasis_normal>.
Job <16144757> is submitted to queue <epistasis_normal>.
Job <16144758> is submitted to queue <epistasis_normal>.
Job <16144759> is submitted to queue <epistasis_normal>.
Job <16144760> is submitted to queue <epistasis_normal>.
Job <16144761> is submitted to queue <epistasis_normal>.
Job <16144762> is submitted to queue <epistasis_normal>.
Job <16144763> is submitted to queue <epistasis_normal>.
Job <16144764> is submitted to queue <epistasis_normal>.
Job <16144765> is submitted to queue <epistasis_normal>.
Job <16144766> is submitted to queue <epistasis_normal>.
Job <16144767> is submitted to queue <epistasis_normal>.
Job <16144768> is submitted to queue <epistasis_normal>.
Job <16144769> is submitted to queue <epistasis_normal>.
Job <16144770> is submitted to queue <epistasis_normal>.
Job <16144771> is submitted to queue <epistasis_normal>.
Job <16144772> is submitted to queue <epistasis_normal>.
Job <16144773> is submitted to queue <epistasis_normal>.
Job <16144774> is submitted to queue <epistasis_normal>.
Job <16144775> is submitted to queue <epistasis_normal>.
Job <16144776> is submitted to queue <epistasis_normal>.
Job <16144777> is submitted to queue <epistasis_normal>.
Job <16144778> is submitted to queue <epistasis_normal>.
Job <16144779> is submitted to queue <epistasis_normal>.
Job <16144780> is submitted to queue <epistasis_normal>.
Job <16144781> is submitted to queue <epistasis_normal>.
Job <16144782> is submitted to queue <epistasis_normal>.
Job <16144783> is submitted to queue <epistasis_normal>.
Job <16144784> is submitted to queue <epistasis_normal>.
Job <16144785> is submitted to queue <epistasis_normal>.
Job <16144786> is submitted to queue <epistasis_normal>.
Job <16144787> is submitted to queue <epistasis_normal>.
Job <16144788> is submitted to queue <epistasis_normal>.
Job <16144789> is submitted to queue <epistasis_normal>.
Job <16144790> is submitted to queue <epistasis_normal>.
Job <16144791> is submitted to queue <epistasis_normal>.
Job <16144792> is submitted to queue <epistasis_normal>.
Job <16144793> is submitted to queue <epistasis_normal>.
Job <16144794> is submitted to queue <epistasis_normal>.
Job <16144795> is submitted to queue <epistasis_normal>.
Job <16144796> is submitted to queue <epistasis_normal>.
Job <16144797> is submitted to queue <epistasis_normal>.
Job <16144798> is submitted to queue <epistasis_normal>.
Job <16144799> is submitted to queue <epistasis_normal>.
Job <16144800> is submitted to queue <epistasis_normal>.
Job <16144801> is submitted to queue <epistasis_normal>.
Job <16144802> is submitted to queue <epistasis_normal>.
Job <16144803> is submitted to queue <epistasis_normal>.
Job <16144804> is submitted to queue <epistasis_normal>.
Job <16144805> is submitted to queue <epistasis_normal>.
Job <16144806> is submitted to queue <epistasis_normal>.
Job <16144807> is submitted to queue <epistasis_normal>.
Job <16144808> is submitted to queue <epistasis_normal>.
Job <16144809> is submitted to queue <epistasis_normal>.
Job <16144810> is submitted to queue <epistasis_normal>.
Job <16144811> is submitted to queue <epistasis_normal>.
Job <16144812> is submitted to queue <epistasis_normal>.
Job <16144813> is submitted to queue <epistasis_normal>.
Job <16144814> is submitted to queue <epistasis_normal>.
Job <16144815> is submitted to queue <epistasis_normal>.
Job <16144816> is submitted to queue <epistasis_normal>.
Job <16144817> is submitted to queue <epistasis_normal>.
Job <16144818> is submitted to queue <epistasis_normal>.
Job <16144819> is submitted to queue <epistasis_normal>.
Job <16144820> is submitted to queue <epistasis_normal>.
Job <16144821> is submitted to queue <epistasis_normal>.
Job <16144822> is submitted to queue <epistasis_normal>.
Job <16144823> is submitted to queue <epistasis_normal>.
Job <16144824> is submitted to queue <epistasis_normal>.
Job <16144825> is submitted to queue <epistasis_normal>.
Job <16144826> is submitted to queue <epistasis_normal>.
Job <16144827> is submitted to queue <epistasis_normal>.
Job <16144828> is submitted to queue <epistasis_normal>.
Job <16144829> is submitted to queue <epistasis_normal>.
Job <16144830> is submitted to queue <epistasis_normal>.
Job <16144831> is submitted to queue <epistasis_normal>.
Job <16144832> is submitted to queue <epistasis_normal>.
Job <16144833> is submitted to queue <epistasis_normal>.
Job <16144834> is submitted to queue <epistasis_normal>.
Job <16144835> is submitted to queue <epistasis_normal>.
Job <16144836> is submitted to queue <epistasis_normal>.
Job <16144837> is submitted to queue <epistasis_normal>.
Job <16144838> is submitted to queue <epistasis_normal>.
Job <16144839> is submitted to queue <epistasis_normal>.
Job <16144840> is submitted to queue <epistasis_normal>.
Job <16144841> is submitted to queue <epistasis_normal>.
Job <16144842> is submitted to queue <epistasis_normal>.
Job <16144843> is submitted to queue <epistasis_normal>.
Job <16144844> is submitted to queue <epistasis_normal>.
Job <16144845> is submitted to queue <epistasis_normal>.
Job <16144846> is submitted to queue <epistasis_normal>.
Job <16144847> is submitted to queue <epistasis_normal>.
Job <16144848> is submitted to queue <epistasis_normal>.
Job <16144849> is submitted to queue <epistasis_normal>.
Job <16144850> is submitted to queue <epistasis_normal>.
Job <16144851> is submitted to queue <epistasis_normal>.
Job <16144852> is submitted to queue <epistasis_normal>.
Job <16144853> is submitted to queue <epistasis_normal>.
Job <16144854> is submitted to queue <epistasis_normal>.
Job <16144855> is submitted to queue <epistasis_normal>.
Job <16144856> is submitted to queue <epistasis_normal>.
Job <16144857> is submitted to queue <epistasis_normal>.
Job <16144858> is submitted to queue <epistasis_normal>.


PS:

Read file <step1b_train_all_neural_networks.err> for stderr output of this job.

